-------- Plugin Loading Log ------------

Loading from root path: /Applications/Adobe Media Encoder CC 2018/Adobe Media Encoder CC 2018.app/Contents/Plug-ins/en_US/
Clearing the plugin cache from the registry. Existing version: 53, current version: 53. RegistrationHasChanged() returned: 1

Scanning for the following file types: *.bundle, *.plugin, *.prmp, *.vst

Begin PluginNameList::AddFolder /Applications/Adobe Media Encoder CC 2018/Adobe Media Encoder CC 2018.app/Contents/Plug-ins/en_US/ 0
PluginNameList::AddFilePath - added "/Applications/Adobe Media Encoder CC 2018/Adobe Media Encoder CC 2018.app/Contents/Plug-ins/en_US/VSTPlugins/Chorus1.vst" 0
PluginNameList::AddFilePath - added "/Applications/Adobe Media Encoder CC 2018/Adobe Media Encoder CC 2018.app/Contents/Plug-ins/en_US/VSTPlugins/Chorus2.vst" 0
PluginNameList::AddFilePath - added "/Applications/Adobe Media Encoder CC 2018/Adobe Media Encoder CC 2018.app/Contents/Plug-ins/en_US/VSTPlugins/Chorus6.vst" 0
PluginNameList::AddFilePath - added "/Applications/Adobe Media Encoder CC 2018/Adobe Media Encoder CC 2018.app/Contents/Plug-ins/en_US/VSTPlugins/DeClicker1.vst" 0
PluginNameList::AddFilePath - added "/Applications/Adobe Media Encoder CC 2018/Adobe Media Encoder CC 2018.app/Contents/Plug-ins/en_US/VSTPlugins/DeClicker2.vst" 0
PluginNameList::AddFilePath - added "/Applications/Adobe Media Encoder CC 2018/Adobe Media Encoder CC 2018.app/Contents/Plug-ins/en_US/VSTPlugins/DeClicker6.vst" 0
PluginNameList::AddFilePath - added "/Applications/Adobe Media Encoder CC 2018/Adobe Media Encoder CC 2018.app/Contents/Plug-ins/en_US/VSTPlugins/DeCrackler1.vst" 0
PluginNameList::AddFilePath - added "/Applications/Adobe Media Encoder CC 2018/Adobe Media Encoder CC 2018.app/Contents/Plug-ins/en_US/VSTPlugins/DeCrackler2.vst" 0
PluginNameList::AddFilePath - added "/Applications/Adobe Media Encoder CC 2018/Adobe Media Encoder CC 2018.app/Contents/Plug-ins/en_US/VSTPlugins/DeCrackler6.vst" 0
PluginNameList::AddFilePath - added "/Applications/Adobe Media Encoder CC 2018/Adobe Media Encoder CC 2018.app/Contents/Plug-ins/en_US/VSTPlugins/DeEsser1.vst" 0
PluginNameList::AddFilePath - added "/Applications/Adobe Media Encoder CC 2018/Adobe Media Encoder CC 2018.app/Contents/Plug-ins/en_US/VSTPlugins/DeEsser2.vst" 0
PluginNameList::AddFilePath - added "/Applications/Adobe Media Encoder CC 2018/Adobe Media Encoder CC 2018.app/Contents/Plug-ins/en_US/VSTPlugins/DeEsser6.vst" 0
PluginNameList::AddFilePath - added "/Applications/Adobe Media Encoder CC 2018/Adobe Media Encoder CC 2018.app/Contents/Plug-ins/en_US/VSTPlugins/DeHummer1.vst" 0
PluginNameList::AddFilePath - added "/Applications/Adobe Media Encoder CC 2018/Adobe Media Encoder CC 2018.app/Contents/Plug-ins/en_US/VSTPlugins/DeHummer2.vst" 0
PluginNameList::AddFilePath - added "/Applications/Adobe Media Encoder CC 2018/Adobe Media Encoder CC 2018.app/Contents/Plug-ins/en_US/VSTPlugins/DeHummer6.vst" 0
PluginNameList::AddFilePath - added "/Applications/Adobe Media Encoder CC 2018/Adobe Media Encoder CC 2018.app/Contents/Plug-ins/en_US/VSTPlugins/DeNoiser1.vst" 0
PluginNameList::AddFilePath - added "/Applications/Adobe Media Encoder CC 2018/Adobe Media Encoder CC 2018.app/Contents/Plug-ins/en_US/VSTPlugins/DeNoiser2.vst" 0
PluginNameList::AddFilePath - added "/Applications/Adobe Media Encoder CC 2018/Adobe Media Encoder CC 2018.app/Contents/Plug-ins/en_US/VSTPlugins/DeNoiser6.vst" 0
PluginNameList::AddFilePath - added "/Applications/Adobe Media Encoder CC 2018/Adobe Media Encoder CC 2018.app/Contents/Plug-ins/en_US/VSTPlugins/Dynamics1.vst" 0
PluginNameList::AddFilePath - added "/Applications/Adobe Media Encoder CC 2018/Adobe Media Encoder CC 2018.app/Contents/Plug-ins/en_US/VSTPlugins/Dynamics2.vst" 0
PluginNameList::AddFilePath - added "/Applications/Adobe Media Encoder CC 2018/Adobe Media Encoder CC 2018.app/Contents/Plug-ins/en_US/VSTPlugins/Dynamics6.vst" 0
PluginNameList::AddFilePath - added "/Applications/Adobe Media Encoder CC 2018/Adobe Media Encoder CC 2018.app/Contents/Plug-ins/en_US/VSTPlugins/EQ1.vst" 0
PluginNameList::AddFilePath - added "/Applications/Adobe Media Encoder CC 2018/Adobe Media Encoder CC 2018.app/Contents/Plug-ins/en_US/VSTPlugins/EQ2.vst" 0
PluginNameList::AddFilePath - added "/Applications/Adobe Media Encoder CC 2018/Adobe Media Encoder CC 2018.app/Contents/Plug-ins/en_US/VSTPlugins/EQ6.vst" 0
PluginNameList::AddFilePath - added "/Applications/Adobe Media Encoder CC 2018/Adobe Media Encoder CC 2018.app/Contents/Plug-ins/en_US/VSTPlugins/Flanger1.vst" 0
PluginNameList::AddFilePath - added "/Applications/Adobe Media Encoder CC 2018/Adobe Media Encoder CC 2018.app/Contents/Plug-ins/en_US/VSTPlugins/Flanger2.vst" 0
PluginNameList::AddFilePath - added "/Applications/Adobe Media Encoder CC 2018/Adobe Media Encoder CC 2018.app/Contents/Plug-ins/en_US/VSTPlugins/Flanger6.vst" 0
PluginNameList::AddFilePath - added "/Applications/Adobe Media Encoder CC 2018/Adobe Media Encoder CC 2018.app/Contents/Plug-ins/en_US/VSTPlugins/MultiBand1.vst" 0
PluginNameList::AddFilePath - added "/Applications/Adobe Media Encoder CC 2018/Adobe Media Encoder CC 2018.app/Contents/Plug-ins/en_US/VSTPlugins/MultiBand2.vst" 0
PluginNameList::AddFilePath - added "/Applications/Adobe Media Encoder CC 2018/Adobe Media Encoder CC 2018.app/Contents/Plug-ins/en_US/VSTPlugins/MultiBand6.vst" 0
PluginNameList::AddFilePath - added "/Applications/Adobe Media Encoder CC 2018/Adobe Media Encoder CC 2018.app/Contents/Plug-ins/en_US/VSTPlugins/Phaser1.vst" 0
PluginNameList::AddFilePath - added "/Applications/Adobe Media Encoder CC 2018/Adobe Media Encoder CC 2018.app/Contents/Plug-ins/en_US/VSTPlugins/Phaser2.vst" 0
PluginNameList::AddFilePath - added "/Applications/Adobe Media Encoder CC 2018/Adobe Media Encoder CC 2018.app/Contents/Plug-ins/en_US/VSTPlugins/Phaser6.vst" 0
PluginNameList::AddFilePath - added "/Applications/Adobe Media Encoder CC 2018/Adobe Media Encoder CC 2018.app/Contents/Plug-ins/en_US/VSTPlugins/PitchShifter1.vst" 0
PluginNameList::AddFilePath - added "/Applications/Adobe Media Encoder CC 2018/Adobe Media Encoder CC 2018.app/Contents/Plug-ins/en_US/VSTPlugins/PitchShifter2.vst" 0
PluginNameList::AddFilePath - added "/Applications/Adobe Media Encoder CC 2018/Adobe Media Encoder CC 2018.app/Contents/Plug-ins/en_US/VSTPlugins/PitchShifter6.vst" 0
PluginNameList::AddFilePath - added "/Applications/Adobe Media Encoder CC 2018/Adobe Media Encoder CC 2018.app/Contents/Plug-ins/en_US/VSTPlugins/Reverb1.vst" 0
PluginNameList::AddFilePath - added "/Applications/Adobe Media Encoder CC 2018/Adobe Media Encoder CC 2018.app/Contents/Plug-ins/en_US/VSTPlugins/Reverb2.vst" 0
PluginNameList::AddFilePath - added "/Applications/Adobe Media Encoder CC 2018/Adobe Media Encoder CC 2018.app/Contents/Plug-ins/en_US/VSTPlugins/Reverb6.vst" 0
PluginNameList::AddFilePath - added "/Applications/Adobe Media Encoder CC 2018/Adobe Media Encoder CC 2018.app/Contents/Plug-ins/en_US/VSTPlugins/SpectralNoiseReduction1.vst" 0
PluginNameList::AddFilePath - added "/Applications/Adobe Media Encoder CC 2018/Adobe Media Encoder CC 2018.app/Contents/Plug-ins/en_US/VSTPlugins/SpectralNoiseReduction2.vst" 0
PluginNameList::AddFilePath - added "/Applications/Adobe Media Encoder CC 2018/Adobe Media Encoder CC 2018.app/Contents/Plug-ins/en_US/VSTPlugins/SpectralNoiseReduction6.vst" 0
Finished PluginNameList::AddFolder /Applications/Adobe Media Encoder CC 2018/Adobe Media Encoder CC 2018.app/Contents/Plug-ins/en_US/ 0
Scanning /Applications/Adobe Media Encoder CC 2018/Adobe Media Encoder CC 2018.app/Contents/Plug-ins/en_US/ and sub-directories

Loading /Applications/Adobe Media Encoder CC 2018/Adobe Media Encoder CC 2018.app/Contents/Plug-ins/en_US/VSTPlugins/Chorus1.vst
Loading from disk...
This plugin was recognized by loader 0c25b1b0-35d6-4750-be5a-a7f92f33e017.

Loading /Applications/Adobe Media Encoder CC 2018/Adobe Media Encoder CC 2018.app/Contents/Plug-ins/en_US/VSTPlugins/Chorus2.vst
Loading from disk...
This plugin was recognized by loader 0c25b1b0-35d6-4750-be5a-a7f92f33e017.

Loading /Applications/Adobe Media Encoder CC 2018/Adobe Media Encoder CC 2018.app/Contents/Plug-ins/en_US/VSTPlugins/Chorus6.vst
Loading from disk...
This plugin was recognized by loader 0c25b1b0-35d6-4750-be5a-a7f92f33e017.

Loading /Applications/Adobe Media Encoder CC 2018/Adobe Media Encoder CC 2018.app/Contents/Plug-ins/en_US/VSTPlugins/DeClicker1.vst
Loading from disk...
This plugin was recognized by loader 0c25b1b0-35d6-4750-be5a-a7f92f33e017.

Loading /Applications/Adobe Media Encoder CC 2018/Adobe Media Encoder CC 2018.app/Contents/Plug-ins/en_US/VSTPlugins/DeClicker2.vst
Loading from disk...
This plugin was recognized by loader 0c25b1b0-35d6-4750-be5a-a7f92f33e017.

Loading /Applications/Adobe Media Encoder CC 2018/Adobe Media Encoder CC 2018.app/Contents/Plug-ins/en_US/VSTPlugins/DeClicker6.vst
Loading from disk...
This plugin was recognized by loader 0c25b1b0-35d6-4750-be5a-a7f92f33e017.

Loading /Applications/Adobe Media Encoder CC 2018/Adobe Media Encoder CC 2018.app/Contents/Plug-ins/en_US/VSTPlugins/DeCrackler1.vst
Loading from disk...
This plugin was recognized by loader 0c25b1b0-35d6-4750-be5a-a7f92f33e017.

Loading /Applications/Adobe Media Encoder CC 2018/Adobe Media Encoder CC 2018.app/Contents/Plug-ins/en_US/VSTPlugins/DeCrackler2.vst
Loading from disk...
This plugin was recognized by loader 0c25b1b0-35d6-4750-be5a-a7f92f33e017.

Loading /Applications/Adobe Media Encoder CC 2018/Adobe Media Encoder CC 2018.app/Contents/Plug-ins/en_US/VSTPlugins/DeCrackler6.vst
Loading from disk...
This plugin was recognized by loader 0c25b1b0-35d6-4750-be5a-a7f92f33e017.

Loading /Applications/Adobe Media Encoder CC 2018/Adobe Media Encoder CC 2018.app/Contents/Plug-ins/en_US/VSTPlugins/DeEsser1.vst
Loading from disk...
This plugin was recognized by loader 0c25b1b0-35d6-4750-be5a-a7f92f33e017.

Loading /Applications/Adobe Media Encoder CC 2018/Adobe Media Encoder CC 2018.app/Contents/Plug-ins/en_US/VSTPlugins/DeEsser2.vst
Loading from disk...
This plugin was recognized by loader 0c25b1b0-35d6-4750-be5a-a7f92f33e017.

Loading /Applications/Adobe Media Encoder CC 2018/Adobe Media Encoder CC 2018.app/Contents/Plug-ins/en_US/VSTPlugins/DeEsser6.vst
Loading from disk...
This plugin was recognized by loader 0c25b1b0-35d6-4750-be5a-a7f92f33e017.

Loading /Applications/Adobe Media Encoder CC 2018/Adobe Media Encoder CC 2018.app/Contents/Plug-ins/en_US/VSTPlugins/DeHummer1.vst
Loading from disk...
This plugin was recognized by loader 0c25b1b0-35d6-4750-be5a-a7f92f33e017.

Loading /Applications/Adobe Media Encoder CC 2018/Adobe Media Encoder CC 2018.app/Contents/Plug-ins/en_US/VSTPlugins/DeHummer2.vst
Loading from disk...
This plugin was recognized by loader 0c25b1b0-35d6-4750-be5a-a7f92f33e017.

Loading /Applications/Adobe Media Encoder CC 2018/Adobe Media Encoder CC 2018.app/Contents/Plug-ins/en_US/VSTPlugins/DeHummer6.vst
Loading from disk...
This plugin was recognized by loader 0c25b1b0-35d6-4750-be5a-a7f92f33e017.

Loading /Applications/Adobe Media Encoder CC 2018/Adobe Media Encoder CC 2018.app/Contents/Plug-ins/en_US/VSTPlugins/DeNoiser1.vst
Loading from disk...
This plugin was recognized by loader 0c25b1b0-35d6-4750-be5a-a7f92f33e017.

Loading /Applications/Adobe Media Encoder CC 2018/Adobe Media Encoder CC 2018.app/Contents/Plug-ins/en_US/VSTPlugins/DeNoiser2.vst
Loading from disk...
This plugin was recognized by loader 0c25b1b0-35d6-4750-be5a-a7f92f33e017.

Loading /Applications/Adobe Media Encoder CC 2018/Adobe Media Encoder CC 2018.app/Contents/Plug-ins/en_US/VSTPlugins/DeNoiser6.vst
Loading from disk...
This plugin was recognized by loader 0c25b1b0-35d6-4750-be5a-a7f92f33e017.

Loading /Applications/Adobe Media Encoder CC 2018/Adobe Media Encoder CC 2018.app/Contents/Plug-ins/en_US/VSTPlugins/Dynamics1.vst
Loading from disk...
This plugin was recognized by loader 0c25b1b0-35d6-4750-be5a-a7f92f33e017.

Loading /Applications/Adobe Media Encoder CC 2018/Adobe Media Encoder CC 2018.app/Contents/Plug-ins/en_US/VSTPlugins/Dynamics2.vst
Loading from disk...
This plugin was recognized by loader 0c25b1b0-35d6-4750-be5a-a7f92f33e017.

Loading /Applications/Adobe Media Encoder CC 2018/Adobe Media Encoder CC 2018.app/Contents/Plug-ins/en_US/VSTPlugins/Dynamics6.vst
Loading from disk...
This plugin was recognized by loader 0c25b1b0-35d6-4750-be5a-a7f92f33e017.

Loading /Applications/Adobe Media Encoder CC 2018/Adobe Media Encoder CC 2018.app/Contents/Plug-ins/en_US/VSTPlugins/EQ1.vst
Loading from disk...
This plugin was recognized by loader 0c25b1b0-35d6-4750-be5a-a7f92f33e017.

Loading /Applications/Adobe Media Encoder CC 2018/Adobe Media Encoder CC 2018.app/Contents/Plug-ins/en_US/VSTPlugins/EQ2.vst
Loading from disk...
This plugin was recognized by loader 0c25b1b0-35d6-4750-be5a-a7f92f33e017.

Loading /Applications/Adobe Media Encoder CC 2018/Adobe Media Encoder CC 2018.app/Contents/Plug-ins/en_US/VSTPlugins/EQ6.vst
Loading from disk...
This plugin was recognized by loader 0c25b1b0-35d6-4750-be5a-a7f92f33e017.

Loading /Applications/Adobe Media Encoder CC 2018/Adobe Media Encoder CC 2018.app/Contents/Plug-ins/en_US/VSTPlugins/Flanger1.vst
Loading from disk...
This plugin was recognized by loader 0c25b1b0-35d6-4750-be5a-a7f92f33e017.

Loading /Applications/Adobe Media Encoder CC 2018/Adobe Media Encoder CC 2018.app/Contents/Plug-ins/en_US/VSTPlugins/Flanger2.vst
Loading from disk...
This plugin was recognized by loader 0c25b1b0-35d6-4750-be5a-a7f92f33e017.

Loading /Applications/Adobe Media Encoder CC 2018/Adobe Media Encoder CC 2018.app/Contents/Plug-ins/en_US/VSTPlugins/Flanger6.vst
Loading from disk...
This plugin was recognized by loader 0c25b1b0-35d6-4750-be5a-a7f92f33e017.

Loading /Applications/Adobe Media Encoder CC 2018/Adobe Media Encoder CC 2018.app/Contents/Plug-ins/en_US/VSTPlugins/MultiBand1.vst
Loading from disk...
This plugin was recognized by loader 0c25b1b0-35d6-4750-be5a-a7f92f33e017.

Loading /Applications/Adobe Media Encoder CC 2018/Adobe Media Encoder CC 2018.app/Contents/Plug-ins/en_US/VSTPlugins/MultiBand2.vst
Loading from disk...
This plugin was recognized by loader 0c25b1b0-35d6-4750-be5a-a7f92f33e017.

Loading /Applications/Adobe Media Encoder CC 2018/Adobe Media Encoder CC 2018.app/Contents/Plug-ins/en_US/VSTPlugins/MultiBand6.vst
Loading from disk...
This plugin was recognized by loader 0c25b1b0-35d6-4750-be5a-a7f92f33e017.

Loading /Applications/Adobe Media Encoder CC 2018/Adobe Media Encoder CC 2018.app/Contents/Plug-ins/en_US/VSTPlugins/Phaser1.vst
Loading from disk...
This plugin was recognized by loader 0c25b1b0-35d6-4750-be5a-a7f92f33e017.

Loading /Applications/Adobe Media Encoder CC 2018/Adobe Media Encoder CC 2018.app/Contents/Plug-ins/en_US/VSTPlugins/Phaser2.vst
Loading from disk...
This plugin was recognized by loader 0c25b1b0-35d6-4750-be5a-a7f92f33e017.

Loading /Applications/Adobe Media Encoder CC 2018/Adobe Media Encoder CC 2018.app/Contents/Plug-ins/en_US/VSTPlugins/Phaser6.vst
Loading from disk...
This plugin was recognized by loader 0c25b1b0-35d6-4750-be5a-a7f92f33e017.

Loading /Applications/Adobe Media Encoder CC 2018/Adobe Media Encoder CC 2018.app/Contents/Plug-ins/en_US/VSTPlugins/PitchShifter1.vst
Loading from disk...
This plugin was recognized by loader 0c25b1b0-35d6-4750-be5a-a7f92f33e017.

Loading /Applications/Adobe Media Encoder CC 2018/Adobe Media Encoder CC 2018.app/Contents/Plug-ins/en_US/VSTPlugins/PitchShifter2.vst
Loading from disk...
This plugin was recognized by loader 0c25b1b0-35d6-4750-be5a-a7f92f33e017.

Loading /Applications/Adobe Media Encoder CC 2018/Adobe Media Encoder CC 2018.app/Contents/Plug-ins/en_US/VSTPlugins/PitchShifter6.vst
Loading from disk...
This plugin was recognized by loader 0c25b1b0-35d6-4750-be5a-a7f92f33e017.

Loading /Applications/Adobe Media Encoder CC 2018/Adobe Media Encoder CC 2018.app/Contents/Plug-ins/en_US/VSTPlugins/Reverb1.vst
Loading from disk...
This plugin was recognized by loader 0c25b1b0-35d6-4750-be5a-a7f92f33e017.

Loading /Applications/Adobe Media Encoder CC 2018/Adobe Media Encoder CC 2018.app/Contents/Plug-ins/en_US/VSTPlugins/Reverb2.vst
Loading from disk...
This plugin was recognized by loader 0c25b1b0-35d6-4750-be5a-a7f92f33e017.

Loading /Applications/Adobe Media Encoder CC 2018/Adobe Media Encoder CC 2018.app/Contents/Plug-ins/en_US/VSTPlugins/Reverb6.vst
Loading from disk...
This plugin was recognized by loader 0c25b1b0-35d6-4750-be5a-a7f92f33e017.

Loading /Applications/Adobe Media Encoder CC 2018/Adobe Media Encoder CC 2018.app/Contents/Plug-ins/en_US/VSTPlugins/SpectralNoiseReduction1.vst
Loading from disk...
This plugin was recognized by loader 0c25b1b0-35d6-4750-be5a-a7f92f33e017.

Loading /Applications/Adobe Media Encoder CC 2018/Adobe Media Encoder CC 2018.app/Contents/Plug-ins/en_US/VSTPlugins/SpectralNoiseReduction2.vst
Loading from disk...
This plugin was recognized by loader 0c25b1b0-35d6-4750-be5a-a7f92f33e017.

Loading /Applications/Adobe Media Encoder CC 2018/Adobe Media Encoder CC 2018.app/Contents/Plug-ins/en_US/VSTPlugins/SpectralNoiseReduction6.vst
Loading from disk...
This plugin was recognized by loader 0c25b1b0-35d6-4750-be5a-a7f92f33e017.

Loading from root path: /Applications/Adobe Media Encoder CC 2018/Adobe Media Encoder CC 2018.app/Contents/Plug-ins/Common/
Scanning for the following file types: *.bundle, *.plugin, *.prmp, *.vst

Begin PluginNameList::AddFolder /Applications/Adobe Media Encoder CC 2018/Adobe Media Encoder CC 2018.app/Contents/Plug-ins/Common/ 0
PluginNameList::AddFilePath - added "/Applications/Adobe Media Encoder CC 2018/Adobe Media Encoder CC 2018.app/Contents/Plug-ins/Common/AEAutoColor.bundle" 0
PluginNameList::AddFilePath - added "/Applications/Adobe Media Encoder CC 2018/Adobe Media Encoder CC 2018.app/Contents/Plug-ins/Common/AEAutoContrast.bundle" 0
PluginNameList::AddFilePath - added "/Applications/Adobe Media Encoder CC 2018/Adobe Media Encoder CC 2018.app/Contents/Plug-ins/Common/AEAutoLevels.bundle" 0
PluginNameList::AddFilePath - added "/Applications/Adobe Media Encoder CC 2018/Adobe Media Encoder CC 2018.app/Contents/Plug-ins/Common/AEFilterAlphaAdjust.bundle" 0
PluginNameList::AddFilePath - added "/Applications/Adobe Media Encoder CC 2018/Adobe Media Encoder CC 2018.app/Contents/Plug-ins/Common/AEFilterASCCDL.bundle" 0
PluginNameList::AddFilePath - added "/Applications/Adobe Media Encoder CC 2018/Adobe Media Encoder CC 2018.app/Contents/Plug-ins/Common/AEFilterClipName.bundle" 0
PluginNameList::AddFilePath - added "/Applications/Adobe Media Encoder CC 2018/Adobe Media Encoder CC 2018.app/Contents/Plug-ins/Common/AEFilterColorFast.bundle" 0
PluginNameList::AddFilePath - added "/Applications/Adobe Media Encoder CC 2018/Adobe Media Encoder CC 2018.app/Contents/Plug-ins/Common/AEFilterColorRGBCorrector.bundle" 0
PluginNameList::AddFilePath - added "/Applications/Adobe Media Encoder CC 2018/Adobe Media Encoder CC 2018.app/Contents/Plug-ins/Common/AEFilterColorThreeWay.bundle" 0
PluginNameList::AddFilePath - added "/Applications/Adobe Media Encoder CC 2018/Adobe Media Encoder CC 2018.app/Contents/Plug-ins/Common/AEFilterCrop.bundle" 0
PluginNameList::AddFilePath - added "/Applications/Adobe Media Encoder CC 2018/Adobe Media Encoder CC 2018.app/Contents/Plug-ins/Common/AEFilterCrossDissolve.bundle" 0
PluginNameList::AddFilePath - added "/Applications/Adobe Media Encoder CC 2018/Adobe Media Encoder CC 2018.app/Contents/Plug-ins/Common/AEFilterDigitalVideoLimiter.bundle" 0
PluginNameList::AddFilePath - added "/Applications/Adobe Media Encoder CC 2018/Adobe Media Encoder CC 2018.app/Contents/Plug-ins/Common/AEFilterDipToBlack.bundle" 0
PluginNameList::AddFilePath - added "/Applications/Adobe Media Encoder CC 2018/Adobe Media Encoder CC 2018.app/Contents/Plug-ins/Common/AEFilterDipToWhite.bundle" 0
PluginNameList::AddFilePath - added "/Applications/Adobe Media Encoder CC 2018/Adobe Media Encoder CC 2018.app/Contents/Plug-ins/Common/AEFilterGarbageMatte.bundle" 0
PluginNameList::AddFilePath - added "/Applications/Adobe Media Encoder CC 2018/Adobe Media Encoder CC 2018.app/Contents/Plug-ins/Common/AEFilterGarbageMatte16.bundle" 0
PluginNameList::AddFilePath - added "/Applications/Adobe Media Encoder CC 2018/Adobe Media Encoder CC 2018.app/Contents/Plug-ins/Common/AEFilterGarbageMatte8.bundle" 0
PluginNameList::AddFilePath - added "/Applications/Adobe Media Encoder CC 2018/Adobe Media Encoder CC 2018.app/Contents/Plug-ins/Common/AEFilterGaussianBlur.bundle" 0
PluginNameList::AddFilePath - added "/Applications/Adobe Media Encoder CC 2018/Adobe Media Encoder CC 2018.app/Contents/Plug-ins/Common/AEFilterGraphicGroup.bundle" 0
PluginNameList::AddFilePath - added "/Applications/Adobe Media Encoder CC 2018/Adobe Media Encoder CC 2018.app/Contents/Plug-ins/Common/AEFilterImageMatteKey.bundle" 0
PluginNameList::AddFilePath - added "/Applications/Adobe Media Encoder CC 2018/Adobe Media Encoder CC 2018.app/Contents/Plug-ins/Common/AEFilterLightingEffect.bundle" 0
PluginNameList::AddFilePath - added "/Applications/Adobe Media Encoder CC 2018/Adobe Media Encoder CC 2018.app/Contents/Plug-ins/Common/AEFilterLumaCorrector.bundle" 0
PluginNameList::AddFilePath - added "/Applications/Adobe Media Encoder CC 2018/Adobe Media Encoder CC 2018.app/Contents/Plug-ins/Common/AEFilterLumaCurve.bundle" 0
PluginNameList::AddFilePath - added "/Applications/Adobe Media Encoder CC 2018/Adobe Media Encoder CC 2018.app/Contents/Plug-ins/Common/AEFilterLumaKey.bundle" 0
PluginNameList::AddFilePath - added "/Applications/Adobe Media Encoder CC 2018/Adobe Media Encoder CC 2018.app/Contents/Plug-ins/Common/AEFilterLumetri.bundle" 0
PluginNameList::AddFilePath - added "/Applications/Adobe Media Encoder CC 2018/Adobe Media Encoder CC 2018.app/Contents/Plug-ins/Common/AEFilterMask.bundle" 0
PluginNameList::AddFilePath - added "/Applications/Adobe Media Encoder CC 2018/Adobe Media Encoder CC 2018.app/Contents/Plug-ins/Common/AEFilterMorphCut.bundle" 0
PluginNameList::AddFilePath - added "/Applications/Adobe Media Encoder CC 2018/Adobe Media Encoder CC 2018.app/Contents/Plug-ins/Common/AEFilterNonRedKey.bundle" 0
PluginNameList::AddFilePath - added "/Applications/Adobe Media Encoder CC 2018/Adobe Media Encoder CC 2018.app/Contents/Plug-ins/Common/AEFilterProcAmp.bundle" 0
PluginNameList::AddFilePath - added "/Applications/Adobe Media Encoder CC 2018/Adobe Media Encoder CC 2018.app/Contents/Plug-ins/Common/AEFilterRemoveMatte.bundle" 0
PluginNameList::AddFilePath - added "/Applications/Adobe Media Encoder CC 2018/Adobe Media Encoder CC 2018.app/Contents/Plug-ins/Common/AEFilterRGBCurves.bundle" 0
PluginNameList::AddFilePath - added "/Applications/Adobe Media Encoder CC 2018/Adobe Media Encoder CC 2018.app/Contents/Plug-ins/Common/AEFilterSDRConform.bundle" 0
PluginNameList::AddFilePath - added "/Applications/Adobe Media Encoder CC 2018/Adobe Media Encoder CC 2018.app/Contents/Plug-ins/Common/AEFilterShape.bundle" 0
PluginNameList::AddFilePath - added "/Applications/Adobe Media Encoder CC 2018/Adobe Media Encoder CC 2018.app/Contents/Plug-ins/Common/AEFilterSimpleText.bundle" 0
PluginNameList::AddFilePath - added "/Applications/Adobe Media Encoder CC 2018/Adobe Media Encoder CC 2018.app/Contents/Plug-ins/Common/AEFilterText.bundle" 0
PluginNameList::AddFilePath - added "/Applications/Adobe Media Encoder CC 2018/Adobe Media Encoder CC 2018.app/Contents/Plug-ins/Common/AEFilterTimecode.bundle" 0
PluginNameList::AddFilePath - added "/Applications/Adobe Media Encoder CC 2018/Adobe Media Encoder CC 2018.app/Contents/Plug-ins/Common/AEFilterTrackMatteKey.bundle" 0
PluginNameList::AddFilePath - added "/Applications/Adobe Media Encoder CC 2018/Adobe Media Encoder CC 2018.app/Contents/Plug-ins/Common/AEFilterTransform.bundle" 0
PluginNameList::AddFilePath - added "/Applications/Adobe Media Encoder CC 2018/Adobe Media Encoder CC 2018.app/Contents/Plug-ins/Common/AEFilterUltraKey.bundle" 0
PluginNameList::AddFilePath - added "/Applications/Adobe Media Encoder CC 2018/Adobe Media Encoder CC 2018.app/Contents/Plug-ins/Common/AEFilterVideoLimiter.bundle" 0
PluginNameList::AddFilePath - added "/Applications/Adobe Media Encoder CC 2018/Adobe Media Encoder CC 2018.app/Contents/Plug-ins/Common/AEFilterVRChromaLeaks.bundle" 0
PluginNameList::AddFilePath - added "/Applications/Adobe Media Encoder CC 2018/Adobe Media Encoder CC 2018.app/Contents/Plug-ins/Common/AEFilterVRChromaticAberration.bundle" 0
PluginNameList::AddFilePath - added "/Applications/Adobe Media Encoder CC 2018/Adobe Media Encoder CC 2018.app/Contents/Plug-ins/Common/AEFilterVRColorGradient.bundle" 0
PluginNameList::AddFilePath - added "/Applications/Adobe Media Encoder CC 2018/Adobe Media Encoder CC 2018.app/Contents/Plug-ins/Common/AEFilterVRDenoise.bundle" 0
PluginNameList::AddFilePath - added "/Applications/Adobe Media Encoder CC 2018/Adobe Media Encoder CC 2018.app/Contents/Plug-ins/Common/AEFilterVRDigitalGlitch.bundle" 0
PluginNameList::AddFilePath - added "/Applications/Adobe Media Encoder CC 2018/Adobe Media Encoder CC 2018.app/Contents/Plug-ins/Common/AEFilterVRFractalNoise.bundle" 0
PluginNameList::AddFilePath - added "/Applications/Adobe Media Encoder CC 2018/Adobe Media Encoder CC 2018.app/Contents/Plug-ins/Common/AEFilterVRGaussianBlur.bundle" 0
PluginNameList::AddFilePath - added "/Applications/Adobe Media Encoder CC 2018/Adobe Media Encoder CC 2018.app/Contents/Plug-ins/Common/AEFilterVRGlow.bundle" 0
PluginNameList::AddFilePath - added "/Applications/Adobe Media Encoder CC 2018/Adobe Media Encoder CC 2018.app/Contents/Plug-ins/Common/AEFilterVRGradientWipe.bundle" 0
PluginNameList::AddFilePath - added "/Applications/Adobe Media Encoder CC 2018/Adobe Media Encoder CC 2018.app/Contents/Plug-ins/Common/AEFilterVRIrisWipe.bundle" 0
PluginNameList::AddFilePath - added "/Applications/Adobe Media Encoder CC 2018/Adobe Media Encoder CC 2018.app/Contents/Plug-ins/Common/AEFilterVRLightLeaks.bundle" 0
PluginNameList::AddFilePath - added "/Applications/Adobe Media Encoder CC 2018/Adobe Media Encoder CC 2018.app/Contents/Plug-ins/Common/AEFilterVRLightRays.bundle" 0
PluginNameList::AddFilePath - added "/Applications/Adobe Media Encoder CC 2018/Adobe Media Encoder CC 2018.app/Contents/Plug-ins/Common/AEFilterVRMobius.bundle" 0
PluginNameList::AddFilePath - added "/Applications/Adobe Media Encoder CC 2018/Adobe Media Encoder CC 2018.app/Contents/Plug-ins/Common/AEFilterVRProject2D.bundle" 0
PluginNameList::AddFilePath - added "/Applications/Adobe Media Encoder CC 2018/Adobe Media Encoder CC 2018.app/Contents/Plug-ins/Common/AEFilterVRProjection.bundle" 0
PluginNameList::AddFilePath - added "/Applications/Adobe Media Encoder CC 2018/Adobe Media Encoder CC 2018.app/Contents/Plug-ins/Common/AEFilterVRRandomBlocks.bundle" 0
PluginNameList::AddFilePath - added "/Applications/Adobe Media Encoder CC 2018/Adobe Media Encoder CC 2018.app/Contents/Plug-ins/Common/AEFilterVRRotateSphere.bundle" 0
PluginNameList::AddFilePath - added "/Applications/Adobe Media Encoder CC 2018/Adobe Media Encoder CC 2018.app/Contents/Plug-ins/Common/AEFilterVRSharpen.bundle" 0
PluginNameList::AddFilePath - added "/Applications/Adobe Media Encoder CC 2018/Adobe Media Encoder CC 2018.app/Contents/Plug-ins/Common/AEFilterVRSphericalBlur.bundle" 0
PluginNameList::AddFilePath - added "/Applications/Adobe Media Encoder CC 2018/Adobe Media Encoder CC 2018.app/Contents/Plug-ins/Common/AEShadowHighlight.bundle" 0
PluginNameList::AddFilePath - added "/Applications/Adobe Media Encoder CC 2018/Adobe Media Encoder CC 2018.app/Contents/Plug-ins/Common/Arithmetic.bundle" 0
PluginNameList::AddFilePath - added "/Applications/Adobe Media Encoder CC 2018/Adobe Media Encoder CC 2018.app/Contents/Plug-ins/Common/ArriRawMXFSourceSettings.bundle" 0
PluginNameList::AddFilePath - added "/Applications/Adobe Media Encoder CC 2018/Adobe Media Encoder CC 2018.app/Contents/Plug-ins/Common/ARRIRAWSourceSettings.bundle" 0
PluginNameList::AddFilePath - added "/Applications/Adobe Media Encoder CC 2018/Adobe Media Encoder CC 2018.app/Contents/Plug-ins/Common/B-C-2.bundle" 0
PluginNameList::AddFilePath - added "/Applications/Adobe Media Encoder CC 2018/Adobe Media Encoder CC 2018.app/Contents/Plug-ins/Common/Basic_3D.bundle" 0
PluginNameList::AddFilePath - added "/Applications/Adobe Media Encoder CC 2018/Adobe Media Encoder CC 2018.app/Contents/Plug-ins/Common/Bevel_Alpha.bundle" 0
PluginNameList::AddFilePath - added "/Applications/Adobe Media Encoder CC 2018/Adobe Media Encoder CC 2018.app/Contents/Plug-ins/Common/Bevel_Edges.bundle" 0
PluginNameList::AddFilePath - added "/Applications/Adobe Media Encoder CC 2018/Adobe Media Encoder CC 2018.app/Contents/Plug-ins/Common/Blend.bundle" 0
PluginNameList::AddFilePath - added "/Applications/Adobe Media Encoder CC 2018/Adobe Media Encoder CC 2018.app/Contents/Plug-ins/Common/Block_Dissolve.bundle" 0
PluginNameList::AddFilePath - added "/Applications/Adobe Media Encoder CC 2018/Adobe Media Encoder CC 2018.app/Contents/Plug-ins/Common/Broadcast_Colors.bundle" 0
PluginNameList::AddFilePath - added "/Applications/Adobe Media Encoder CC 2018/Adobe Media Encoder CC 2018.app/Contents/Plug-ins/Common/Brush_Strokes.bundle" 0
PluginNameList::AddFilePath - added "/Applications/Adobe Media Encoder CC 2018/Adobe Media Encoder CC 2018.app/Contents/Plug-ins/Common/Calculations.bundle" 0
PluginNameList::AddFilePath - added "/Applications/Adobe Media Encoder CC 2018/Adobe Media Encoder CC 2018.app/Contents/Plug-ins/Common/CanonRawSourceSettings.bundle" 0
PluginNameList::AddFilePath - added "/Applications/Adobe Media Encoder CC 2018/Adobe Media Encoder CC 2018.app/Contents/Plug-ins/Common/CellPattern.bundle" 0
PluginNameList::AddFilePath - added "/Applications/Adobe Media Encoder CC 2018/Adobe Media Encoder CC 2018.app/Contents/Plug-ins/Common/Change_Color.bundle" 0
PluginNameList::AddFilePath - added "/Applications/Adobe Media Encoder CC 2018/Adobe Media Encoder CC 2018.app/Contents/Plug-ins/Common/ChangeToColor.bundle" 0
PluginNameList::AddFilePath - added "/Applications/Adobe Media Encoder CC 2018/Adobe Media Encoder CC 2018.app/Contents/Plug-ins/Common/Channel_Blur.bundle" 0
PluginNameList::AddFilePath - added "/Applications/Adobe Media Encoder CC 2018/Adobe Media Encoder CC 2018.app/Contents/Plug-ins/Common/Channel_Mixer.bundle" 0
PluginNameList::AddFilePath - added "/Applications/Adobe Media Encoder CC 2018/Adobe Media Encoder CC 2018.app/Contents/Plug-ins/Common/Checkerboard.bundle" 0
PluginNameList::AddFilePath - added "/Applications/Adobe Media Encoder CC 2018/Adobe Media Encoder CC 2018.app/Contents/Plug-ins/Common/CinemaDNGSourceSettings.bundle" 0
PluginNameList::AddFilePath - added "/Applications/Adobe Media Encoder CC 2018/Adobe Media Encoder CC 2018.app/Contents/Plug-ins/Common/CineonEffect.bundle" 0
PluginNameList::AddFilePath - added "/Applications/Adobe Media Encoder CC 2018/Adobe Media Encoder CC 2018.app/Contents/Plug-ins/Common/Circle.bundle" 0
PluginNameList::AddFilePath - added "/Applications/Adobe Media Encoder CC 2018/Adobe Media Encoder CC 2018.app/Contents/Plug-ins/Common/Color_Balance_2.bundle" 0
PluginNameList::AddFilePath - added "/Applications/Adobe Media Encoder CC 2018/Adobe Media Encoder CC 2018.app/Contents/Plug-ins/Common/Color_Emboss.bundle" 0
PluginNameList::AddFilePath - added "/Applications/Adobe Media Encoder CC 2018/Adobe Media Encoder CC 2018.app/Contents/Plug-ins/Common/Color_HLS.bundle" 0
PluginNameList::AddFilePath - added "/Applications/Adobe Media Encoder CC 2018/Adobe Media Encoder CC 2018.app/Contents/Plug-ins/Common/Color_Key.bundle" 0
PluginNameList::AddFilePath - added "/Applications/Adobe Media Encoder CC 2018/Adobe Media Encoder CC 2018.app/Contents/Plug-ins/Common/ColorsQuad.bundle" 0
PluginNameList::AddFilePath - added "/Applications/Adobe Media Encoder CC 2018/Adobe Media Encoder CC 2018.app/Contents/Plug-ins/Common/Compound_Arith.bundle" 0
PluginNameList::AddFilePath - added "/Applications/Adobe Media Encoder CC 2018/Adobe Media Encoder CC 2018.app/Contents/Plug-ins/Common/Compound_Blur.bundle" 0
PluginNameList::AddFilePath - added "/Applications/Adobe Media Encoder CC 2018/Adobe Media Encoder CC 2018.app/Contents/Plug-ins/Common/Corner_Pin.bundle" 0
PluginNameList::AddFilePath - added "/Applications/Adobe Media Encoder CC 2018/Adobe Media Encoder CC 2018.app/Contents/Plug-ins/Common/Difference.bundle" 0
PluginNameList::AddFilePath - added "/Applications/Adobe Media Encoder CC 2018/Adobe Media Encoder CC 2018.app/Contents/Plug-ins/Common/DirectionalBlur.bundle" 0
PluginNameList::AddFilePath - added "/Applications/Adobe Media Encoder CC 2018/Adobe Media Encoder CC 2018.app/Contents/Plug-ins/Common/DPXSourceSettings.bundle" 0
PluginNameList::AddFilePath - added "/Applications/Adobe Media Encoder CC 2018/Adobe Media Encoder CC 2018.app/Contents/Plug-ins/Common/Drop_Shadow.bundle" 0
PluginNameList::AddFilePath - added "/Applications/Adobe Media Encoder CC 2018/Adobe Media Encoder CC 2018.app/Contents/Plug-ins/Common/Dust.bundle" 0
PluginNameList::AddFilePath - added "/Applications/Adobe Media Encoder CC 2018/Adobe Media Encoder CC 2018.app/Contents/Plug-ins/Common/Echo.bundle" 0
PluginNameList::AddFilePath - added "/Applications/Adobe Media Encoder CC 2018/Adobe Media Encoder CC 2018.app/Contents/Plug-ins/Common/Ellipse.bundle" 0
PluginNameList::AddFilePath - added "/Applications/Adobe Media Encoder CC 2018/Adobe Media Encoder CC 2018.app/Contents/Plug-ins/Common/Emboss.bundle" 0
PluginNameList::AddFilePath - added "/Applications/Adobe Media Encoder CC 2018/Adobe Media Encoder CC 2018.app/Contents/Plug-ins/Common/Equalize.bundle" 0
PluginNameList::AddFilePath - added "/Applications/Adobe Media Encoder CC 2018/Adobe Media Encoder CC 2018.app/Contents/Plug-ins/Common/ExporterAIFF.bundle" 0
PluginNameList::AddFilePath - added "/Applications/Adobe Media Encoder CC 2018/Adobe Media Encoder CC 2018.app/Contents/Plug-ins/Common/ExporterDPX.bundle" 0
PluginNameList::AddFilePath - added "/Applications/Adobe Media Encoder CC 2018/Adobe Media Encoder CC 2018.app/Contents/Plug-ins/Common/ExporterGIF.bundle" 0
PluginNameList::AddFilePath - added "/Applications/Adobe Media Encoder CC 2018/Adobe Media Encoder CC 2018.app/Contents/Plug-ins/Common/ExporterJPEG.bundle" 0
PluginNameList::AddFilePath - added "/Applications/Adobe Media Encoder CC 2018/Adobe Media Encoder CC 2018.app/Contents/Plug-ins/Common/ExporterMP3.bundle" 0
PluginNameList::AddFilePath - added "/Applications/Adobe Media Encoder CC 2018/Adobe Media Encoder CC 2018.app/Contents/Plug-ins/Common/ExporterMPEG2.bundle" 0
PluginNameList::AddFilePath - added "/Applications/Adobe Media Encoder CC 2018/Adobe Media Encoder CC 2018.app/Contents/Plug-ins/Common/ExporterMPEG4.bundle" 0
PluginNameList::AddFilePath - added "/Applications/Adobe Media Encoder CC 2018/Adobe Media Encoder CC 2018.app/Contents/Plug-ins/Common/ExporterMPEGPreview.bundle" 0
PluginNameList::AddFilePath - added "/Applications/Adobe Media Encoder CC 2018/Adobe Media Encoder CC 2018.app/Contents/Plug-ins/Common/ExporterMXF.bundle" 0
PluginNameList::AddFilePath - added "/Applications/Adobe Media Encoder CC 2018/Adobe Media Encoder CC 2018.app/Contents/Plug-ins/Common/ExporterP2.bundle" 0
PluginNameList::AddFilePath - added "/Applications/Adobe Media Encoder CC 2018/Adobe Media Encoder CC 2018.app/Contents/Plug-ins/Common/ExporterPNG.bundle" 0
PluginNameList::AddFilePath - added "/Applications/Adobe Media Encoder CC 2018/Adobe Media Encoder CC 2018.app/Contents/Plug-ins/Common/ExporterQuickTimeHost.bundle" 0
PluginNameList::AddFilePath - added "/Applications/Adobe Media Encoder CC 2018/Adobe Media Encoder CC 2018.app/Contents/Plug-ins/Common/ExporterTarga.bundle" 0
PluginNameList::AddFilePath - added "/Applications/Adobe Media Encoder CC 2018/Adobe Media Encoder CC 2018.app/Contents/Plug-ins/Common/ExporterTIFF.bundle" 0
PluginNameList::AddFilePath - added "/Applications/Adobe Media Encoder CC 2018/Adobe Media Encoder CC 2018.app/Contents/Plug-ins/Common/ExporterWave.bundle" 0
PluginNameList::AddFilePath - added "/Applications/Adobe Media Encoder CC 2018/Adobe Media Encoder CC 2018.app/Contents/Plug-ins/Common/ExporterXDCAMHD.bundle" 0
PluginNameList::AddFilePath - added "/Applications/Adobe Media Encoder CC 2018/Adobe Media Encoder CC 2018.app/Contents/Plug-ins/Common/EyedropperFill.bundle" 0
PluginNameList::AddFilePath - added "/Applications/Adobe Media Encoder CC 2018/Adobe Media Encoder CC 2018.app/Contents/Plug-ins/Common/F65SourceSettings.bundle" 0
PluginNameList::AddFilePath - added "/Applications/Adobe Media Encoder CC 2018/Adobe Media Encoder CC 2018.app/Contents/Plug-ins/Common/Fast_Blur.bundle" 0
PluginNameList::AddFilePath - added "/Applications/Adobe Media Encoder CC 2018/Adobe Media Encoder CC 2018.app/Contents/Plug-ins/Common/FCPXProjectConverter.bundle" 0
PluginNameList::AddFilePath - added "/Applications/Adobe Media Encoder CC 2018/Adobe Media Encoder CC 2018.app/Contents/Plug-ins/Common/Find_Edges.bundle" 0
PluginNameList::AddFilePath - added "/Applications/Adobe Media Encoder CC 2018/Adobe Media Encoder CC 2018.app/Contents/Plug-ins/Common/Gradient_Wipe.bundle" 0
PluginNameList::AddFilePath - added "/Applications/Adobe Media Encoder CC 2018/Adobe Media Encoder CC 2018.app/Contents/Plug-ins/Common/Grid.bundle" 0
PluginNameList::AddFilePath - added "/Applications/Adobe Media Encoder CC 2018/Adobe Media Encoder CC 2018.app/Contents/Plug-ins/Common/ImporterAIEPS.bundle" 0
PluginNameList::AddFilePath - added "/Applications/Adobe Media Encoder CC 2018/Adobe Media Encoder CC 2018.app/Contents/Plug-ins/Common/ImporterAIFF.bundle" 0
PluginNameList::AddFilePath - added "/Applications/Adobe Media Encoder CC 2018/Adobe Media Encoder CC 2018.app/Contents/Plug-ins/Common/ImporterARRIRAW.bundle" 0
PluginNameList::AddFilePath - added "/Applications/Adobe Media Encoder CC 2018/Adobe Media Encoder CC 2018.app/Contents/Plug-ins/Common/ImporterASND.bundle" 0
PluginNameList::AddFilePath - added "/Applications/Adobe Media Encoder CC 2018/Adobe Media Encoder CC 2018.app/Contents/Plug-ins/Common/ImporterAVFoundation.bundle" 0
PluginNameList::AddFilePath - added "/Applications/Adobe Media Encoder CC 2018/Adobe Media Encoder CC 2018.app/Contents/Plug-ins/Common/ImporterBarsAndTone.bundle" 0
PluginNameList::AddFilePath - added "/Applications/Adobe Media Encoder CC 2018/Adobe Media Encoder CC 2018.app/Contents/Plug-ins/Common/ImporterBlackMatte.bundle" 0
PluginNameList::AddFilePath - added "/Applications/Adobe Media Encoder CC 2018/Adobe Media Encoder CC 2018.app/Contents/Plug-ins/Common/ImporterCaptioning.bundle" 0
PluginNameList::AddFilePath - added "/Applications/Adobe Media Encoder CC 2018/Adobe Media Encoder CC 2018.app/Contents/Plug-ins/Common/ImporterColorMatte.bundle" 0
PluginNameList::AddFilePath - added "/Applications/Adobe Media Encoder CC 2018/Adobe Media Encoder CC 2018.app/Contents/Plug-ins/Common/ImporterDataStream.bundle" 0
PluginNameList::AddFilePath - added "/Applications/Adobe Media Encoder CC 2018/Adobe Media Encoder CC 2018.app/Contents/Plug-ins/Common/ImporterDPX.bundle" 0
PluginNameList::AddFilePath - added "/Applications/Adobe Media Encoder CC 2018/Adobe Media Encoder CC 2018.app/Contents/Plug-ins/Common/ImporterF65.bundle" 0
PluginNameList::AddFilePath - added "/Applications/Adobe Media Encoder CC 2018/Adobe Media Encoder CC 2018.app/Contents/Plug-ins/Common/ImporterFastMPEG.bundle" 0
PluginNameList::AddFilePath - added "/Applications/Adobe Media Encoder CC 2018/Adobe Media Encoder CC 2018.app/Contents/Plug-ins/Common/ImporterFLV.bundle" 0
PluginNameList::AddFilePath - added "/Applications/Adobe Media Encoder CC 2018/Adobe Media Encoder CC 2018.app/Contents/Plug-ins/Common/ImporterGraphics.bundle" 0
PluginNameList::AddFilePath - added "/Applications/Adobe Media Encoder CC 2018/Adobe Media Encoder CC 2018.app/Contents/Plug-ins/Common/ImporterHDBarsAndTone.bundle" 0
PluginNameList::AddFilePath - added "/Applications/Adobe Media Encoder CC 2018/Adobe Media Encoder CC 2018.app/Contents/Plug-ins/Common/ImporterImageIO.bundle" 0
PluginNameList::AddFilePath - added "/Applications/Adobe Media Encoder CC 2018/Adobe Media Encoder CC 2018.app/Contents/Plug-ins/Common/ImporterJPEG.bundle" 0
PluginNameList::AddFilePath - added "/Applications/Adobe Media Encoder CC 2018/Adobe Media Encoder CC 2018.app/Contents/Plug-ins/Common/ImporterLeader.bundle" 0
PluginNameList::AddFilePath - added "/Applications/Adobe Media Encoder CC 2018/Adobe Media Encoder CC 2018.app/Contents/Plug-ins/Common/ImporterLumetri.bundle" 0
PluginNameList::AddFilePath - added "/Applications/Adobe Media Encoder CC 2018/Adobe Media Encoder CC 2018.app/Contents/Plug-ins/Common/ImporterMP3.bundle" 0
PluginNameList::AddFilePath - added "/Applications/Adobe Media Encoder CC 2018/Adobe Media Encoder CC 2018.app/Contents/Plug-ins/Common/ImporterMPEG.bundle" 0
PluginNameList::AddFilePath - added "/Applications/Adobe Media Encoder CC 2018/Adobe Media Encoder CC 2018.app/Contents/Plug-ins/Common/ImporterMXF.bundle" 0
PluginNameList::AddFilePath - added "/Applications/Adobe Media Encoder CC 2018/Adobe Media Encoder CC 2018.app/Contents/Plug-ins/Common/ImporterPhotoshopProxy.bundle" 0
PluginNameList::AddFilePath - added "/Applications/Adobe Media Encoder CC 2018/Adobe Media Encoder CC 2018.app/Contents/Plug-ins/Common/ImporterPNG.bundle" 0
PluginNameList::AddFilePath - added "/Applications/Adobe Media Encoder CC 2018/Adobe Media Encoder CC 2018.app/Contents/Plug-ins/Common/ImporterQuickTime.bundle" 0
PluginNameList::AddFilePath - added "/Applications/Adobe Media Encoder CC 2018/Adobe Media Encoder CC 2018.app/Contents/Plug-ins/Common/ImporterRED.bundle" 0
PluginNameList::AddFilePath - added "/Applications/Adobe Media Encoder CC 2018/Adobe Media Encoder CC 2018.app/Contents/Plug-ins/Common/ImporterTarga.bundle" 0
PluginNameList::AddFilePath - added "/Applications/Adobe Media Encoder CC 2018/Adobe Media Encoder CC 2018.app/Contents/Plug-ins/Common/ImporterTiff.bundle" 0
PluginNameList::AddFilePath - added "/Applications/Adobe Media Encoder CC 2018/Adobe Media Encoder CC 2018.app/Contents/Plug-ins/Common/ImporterTransparentMatte.bundle" 0
PluginNameList::AddFilePath - added "/Applications/Adobe Media Encoder CC 2018/Adobe Media Encoder CC 2018.app/Contents/Plug-ins/Common/ImporterWave.bundle" 0
PluginNameList::AddFilePath - added "/Applications/Adobe Media Encoder CC 2018/Adobe Media Encoder CC 2018.app/Contents/Plug-ins/Common/ImporterXDCAMEX.bundle" 0
PluginNameList::AddFilePath - added "/Applications/Adobe Media Encoder CC 2018/Adobe Media Encoder CC 2018.app/Contents/Plug-ins/Common/Invert.bundle" 0
PluginNameList::AddFilePath - added "/Applications/Adobe Media Encoder CC 2018/Adobe Media Encoder CC 2018.app/Contents/Plug-ins/Common/Leave_Color.bundle" 0
PluginNameList::AddFilePath - added "/Applications/Adobe Media Encoder CC 2018/Adobe Media Encoder CC 2018.app/Contents/Plug-ins/Common/Lens_Flare.bundle" 0
PluginNameList::AddFilePath - added "/Applications/Adobe Media Encoder CC 2018/Adobe Media Encoder CC 2018.app/Contents/Plug-ins/Common/Lightning.bundle" 0
PluginNameList::AddFilePath - added "/Applications/Adobe Media Encoder CC 2018/Adobe Media Encoder CC 2018.app/Contents/Plug-ins/Common/Linear_Wipe.bundle" 0
PluginNameList::AddFilePath - added "/Applications/Adobe Media Encoder CC 2018/Adobe Media Encoder CC 2018.app/Contents/Plug-ins/Common/Magnify.bundle" 0
PluginNameList::AddFilePath - added "/Applications/Adobe Media Encoder CC 2018/Adobe Media Encoder CC 2018.app/Contents/Plug-ins/Common/Median.bundle" 0
PluginNameList::AddFilePath - added "/Applications/Adobe Media Encoder CC 2018/Adobe Media Encoder CC 2018.app/Contents/Plug-ins/Common/Mirror.bundle" 0
PluginNameList::AddFilePath - added "/Applications/Adobe Media Encoder CC 2018/Adobe Media Encoder CC 2018.app/Contents/Plug-ins/Common/Mosaic.bundle" 0
PluginNameList::AddFilePath - added "/Applications/Adobe Media Encoder CC 2018/Adobe Media Encoder CC 2018.app/Contents/Plug-ins/Common/Motion.bundle" 0
PluginNameList::AddFilePath - added "/Applications/Adobe Media Encoder CC 2018/Adobe Media Encoder CC 2018.app/Contents/Plug-ins/Common/MPEGSourceSettings.bundle" 0
PluginNameList::AddFilePath - added "/Applications/Adobe Media Encoder CC 2018/Adobe Media Encoder CC 2018.app/Contents/Plug-ins/Common/Noise.bundle" 0
PluginNameList::AddFilePath - added "/Applications/Adobe Media Encoder CC 2018/Adobe Media Encoder CC 2018.app/Contents/Plug-ins/Common/NoiseAlpha.bundle" 0
PluginNameList::AddFilePath - added "/Applications/Adobe Media Encoder CC 2018/Adobe Media Encoder CC 2018.app/Contents/Plug-ins/Common/NoiseHLS.bundle" 0
PluginNameList::AddFilePath - added "/Applications/Adobe Media Encoder CC 2018/Adobe Media Encoder CC 2018.app/Contents/Plug-ins/Common/NoiseHLSAuto.bundle" 0
PluginNameList::AddFilePath - added "/Applications/Adobe Media Encoder CC 2018/Adobe Media Encoder CC 2018.app/Contents/Plug-ins/Common/Offset.bundle" 0
PluginNameList::AddFilePath - added "/Applications/Adobe Media Encoder CC 2018/Adobe Media Encoder CC 2018.app/Contents/Plug-ins/Common/Opacity.bundle" 0
PluginNameList::AddFilePath - added "/Applications/Adobe Media Encoder CC 2018/Adobe Media Encoder CC 2018.app/Contents/Plug-ins/Common/OpenEXR Premiere.bundle" 0
PluginNameList::AddFilePath - added "/Applications/Adobe Media Encoder CC 2018/Adobe Media Encoder CC 2018.app/Contents/Plug-ins/Common/PaintBucket.bundle" 0
PluginNameList::AddFilePath - added "/Applications/Adobe Media Encoder CC 2018/Adobe Media Encoder CC 2018.app/Contents/Plug-ins/Common/PlayerMediaCore.bundle" 0
PluginNameList::AddFilePath - added "/Applications/Adobe Media Encoder CC 2018/Adobe Media Encoder CC 2018.app/Contents/Plug-ins/Common/Posterize.bundle" 0
PluginNameList::AddFilePath - added "/Applications/Adobe Media Encoder CC 2018/Adobe Media Encoder CC 2018.app/Contents/Plug-ins/Common/Posterize_Time.bundle" 0
PluginNameList::AddFilePath - added "/Applications/Adobe Media Encoder CC 2018/Adobe Media Encoder CC 2018.app/Contents/Plug-ins/Common/PremiereFiltersMetaPlugin.prmp" 0
PluginNameList::AddFilePath - added "/Applications/Adobe Media Encoder CC 2018/Adobe Media Encoder CC 2018.app/Contents/Plug-ins/Common/Radial_Wipe.bundle" 0
PluginNameList::AddFilePath - added "/Applications/Adobe Media Encoder CC 2018/Adobe Media Encoder CC 2018.app/Contents/Plug-ins/Common/RadialShadow.bundle" 0
PluginNameList::AddFilePath - added "/Applications/Adobe Media Encoder CC 2018/Adobe Media Encoder CC 2018.app/Contents/Plug-ins/Common/Ramp.bundle" 0
PluginNameList::AddFilePath - added "/Applications/Adobe Media Encoder CC 2018/Adobe Media Encoder CC 2018.app/Contents/Plug-ins/Common/REDSourceSettings.bundle" 0
PluginNameList::AddFilePath - added "/Applications/Adobe Media Encoder CC 2018/Adobe Media Encoder CC 2018.app/Contents/Plug-ins/Common/RollingShutter.bundle" 0
PluginNameList::AddFilePath - added "/Applications/Adobe Media Encoder CC 2018/Adobe Media Encoder CC 2018.app/Contents/Plug-ins/Common/RoughenEdges.bundle" 0
PluginNameList::AddFilePath - added "/Applications/Adobe Media Encoder CC 2018/Adobe Media Encoder CC 2018.app/Contents/Plug-ins/Common/Set_Matte.bundle" 0
PluginNameList::AddFilePath - added "/Applications/Adobe Media Encoder CC 2018/Adobe Media Encoder CC 2018.app/Contents/Plug-ins/Common/Sharpen.bundle" 0
PluginNameList::AddFilePath - added "/Applications/Adobe Media Encoder CC 2018/Adobe Media Encoder CC 2018.app/Contents/Plug-ins/Common/SolidComposite.bundle" 0
PluginNameList::AddFilePath - added "/Applications/Adobe Media Encoder CC 2018/Adobe Media Encoder CC 2018.app/Contents/Plug-ins/Common/SonyRawMXFSourceSettings.bundle" 0
PluginNameList::AddFilePath - added "/Applications/Adobe Media Encoder CC 2018/Adobe Media Encoder CC 2018.app/Contents/Plug-ins/Common/Spherize.bundle" 0
PluginNameList::AddFilePath - added "/Applications/Adobe Media Encoder CC 2018/Adobe Media Encoder CC 2018.app/Contents/Plug-ins/Common/Stabilizer.bundle" 0
PluginNameList::AddFilePath - added "/Applications/Adobe Media Encoder CC 2018/Adobe Media Encoder CC 2018.app/Contents/Plug-ins/Common/Strobe_Light.bundle" 0
PluginNameList::AddFilePath - added "/Applications/Adobe Media Encoder CC 2018/Adobe Media Encoder CC 2018.app/Contents/Plug-ins/Common/Texturize.bundle" 0
PluginNameList::AddFilePath - added "/Applications/Adobe Media Encoder CC 2018/Adobe Media Encoder CC 2018.app/Contents/Plug-ins/Common/Threshold.bundle" 0
PluginNameList::AddFilePath - added "/Applications/Adobe Media Encoder CC 2018/Adobe Media Encoder CC 2018.app/Contents/Plug-ins/Common/Tint.bundle" 0
PluginNameList::AddFilePath - added "/Applications/Adobe Media Encoder CC 2018/Adobe Media Encoder CC 2018.app/Contents/Plug-ins/Common/TransitionsMetaPlugin.prmp" 0
PluginNameList::AddFilePath - added "/Applications/Adobe Media Encoder CC 2018/Adobe Media Encoder CC 2018.app/Contents/Plug-ins/Common/TurbulentDisplace.bundle" 0
PluginNameList::AddFilePath - added "/Applications/Adobe Media Encoder CC 2018/Adobe Media Encoder CC 2018.app/Contents/Plug-ins/Common/Twirl.bundle" 0
PluginNameList::AddFilePath - added "/Applications/Adobe Media Encoder CC 2018/Adobe Media Encoder CC 2018.app/Contents/Plug-ins/Common/Unsharp_Mask.bundle" 0
PluginNameList::AddFilePath - added "/Applications/Adobe Media Encoder CC 2018/Adobe Media Encoder CC 2018.app/Contents/Plug-ins/Common/Venetian_Blinds.bundle" 0
PluginNameList::AddFilePath - added "/Applications/Adobe Media Encoder CC 2018/Adobe Media Encoder CC 2018.app/Contents/Plug-ins/Common/Wave_Warp.bundle" 0
PluginNameList::AddFilePath - added "/Applications/Adobe Media Encoder CC 2018/Adobe Media Encoder CC 2018.app/Contents/Plug-ins/Common/wraptor.bundle" 0
PluginNameList::AddFilePath - added "/Applications/Adobe Media Encoder CC 2018/Adobe Media Encoder CC 2018.app/Contents/Plug-ins/Common/Write_on.bundle" 0
Finished PluginNameList::AddFolder /Applications/Adobe Media Encoder CC 2018/Adobe Media Encoder CC 2018.app/Contents/Plug-ins/Common/ 0
Scanning /Applications/Adobe Media Encoder CC 2018/Adobe Media Encoder CC 2018.app/Contents/Plug-ins/Common/ and sub-directories

Loading /Applications/Adobe Media Encoder CC 2018/Adobe Media Encoder CC 2018.app/Contents/Plug-ins/Common/AEAutoColor.bundle
Loading from disk...
This plugin was recognized by loader 9ee18075-33c9-482a-b1a3-f2ab007a5a07.

Loading /Applications/Adobe Media Encoder CC 2018/Adobe Media Encoder CC 2018.app/Contents/Plug-ins/Common/AEAutoContrast.bundle
Loading from disk...
This plugin was recognized by loader 9ee18075-33c9-482a-b1a3-f2ab007a5a07.

Loading /Applications/Adobe Media Encoder CC 2018/Adobe Media Encoder CC 2018.app/Contents/Plug-ins/Common/AEAutoLevels.bundle
Loading from disk...
This plugin was recognized by loader 9ee18075-33c9-482a-b1a3-f2ab007a5a07.

Loading /Applications/Adobe Media Encoder CC 2018/Adobe Media Encoder CC 2018.app/Contents/Plug-ins/Common/AEFilterAlphaAdjust.bundle
Loading from disk...
This plugin was recognized by loader 9ee18075-33c9-482a-b1a3-f2ab007a5a07.

Loading /Applications/Adobe Media Encoder CC 2018/Adobe Media Encoder CC 2018.app/Contents/Plug-ins/Common/AEFilterASCCDL.bundle
Loading from disk...
This plugin was recognized by loader 624e610b-0372-4082-b625-73865c15932b.
This plugin was recognized by loader 9ee18075-33c9-482a-b1a3-f2ab007a5a07.

Loading /Applications/Adobe Media Encoder CC 2018/Adobe Media Encoder CC 2018.app/Contents/Plug-ins/Common/AEFilterClipName.bundle
Loading from disk...
This plugin was recognized by loader 9ee18075-33c9-482a-b1a3-f2ab007a5a07.

Loading /Applications/Adobe Media Encoder CC 2018/Adobe Media Encoder CC 2018.app/Contents/Plug-ins/Common/AEFilterColorFast.bundle
Loading from disk...
This plugin was recognized by loader 9ee18075-33c9-482a-b1a3-f2ab007a5a07.

Loading /Applications/Adobe Media Encoder CC 2018/Adobe Media Encoder CC 2018.app/Contents/Plug-ins/Common/AEFilterColorRGBCorrector.bundle
Loading from disk...
This plugin was recognized by loader 9ee18075-33c9-482a-b1a3-f2ab007a5a07.

Loading /Applications/Adobe Media Encoder CC 2018/Adobe Media Encoder CC 2018.app/Contents/Plug-ins/Common/AEFilterColorThreeWay.bundle
Loading from disk...
This plugin was recognized by loader 9ee18075-33c9-482a-b1a3-f2ab007a5a07.

Loading /Applications/Adobe Media Encoder CC 2018/Adobe Media Encoder CC 2018.app/Contents/Plug-ins/Common/AEFilterCrop.bundle
Loading from disk...
This plugin was recognized by loader 9ee18075-33c9-482a-b1a3-f2ab007a5a07.

Loading /Applications/Adobe Media Encoder CC 2018/Adobe Media Encoder CC 2018.app/Contents/Plug-ins/Common/AEFilterCrossDissolve.bundle
Loading from disk...
This plugin was recognized by loader 9ee18075-33c9-482a-b1a3-f2ab007a5a07.

Loading /Applications/Adobe Media Encoder CC 2018/Adobe Media Encoder CC 2018.app/Contents/Plug-ins/Common/AEFilterDigitalVideoLimiter.bundle
Loading from disk...
This plugin was recognized by loader 624e610b-0372-4082-b625-73865c15932b.
This plugin was recognized by loader 9ee18075-33c9-482a-b1a3-f2ab007a5a07.

Loading /Applications/Adobe Media Encoder CC 2018/Adobe Media Encoder CC 2018.app/Contents/Plug-ins/Common/AEFilterDipToBlack.bundle
Loading from disk...
This plugin was recognized by loader 9ee18075-33c9-482a-b1a3-f2ab007a5a07.

Loading /Applications/Adobe Media Encoder CC 2018/Adobe Media Encoder CC 2018.app/Contents/Plug-ins/Common/AEFilterDipToWhite.bundle
Loading from disk...
This plugin was recognized by loader 9ee18075-33c9-482a-b1a3-f2ab007a5a07.

Loading /Applications/Adobe Media Encoder CC 2018/Adobe Media Encoder CC 2018.app/Contents/Plug-ins/Common/AEFilterGarbageMatte.bundle
Loading from disk...
This plugin was recognized by loader 9ee18075-33c9-482a-b1a3-f2ab007a5a07.

Loading /Applications/Adobe Media Encoder CC 2018/Adobe Media Encoder CC 2018.app/Contents/Plug-ins/Common/AEFilterGarbageMatte16.bundle
Loading from disk...
This plugin was recognized by loader 9ee18075-33c9-482a-b1a3-f2ab007a5a07.

Loading /Applications/Adobe Media Encoder CC 2018/Adobe Media Encoder CC 2018.app/Contents/Plug-ins/Common/AEFilterGarbageMatte8.bundle
Loading from disk...
This plugin was recognized by loader 9ee18075-33c9-482a-b1a3-f2ab007a5a07.

Loading /Applications/Adobe Media Encoder CC 2018/Adobe Media Encoder CC 2018.app/Contents/Plug-ins/Common/AEFilterGaussianBlur.bundle
Loading from disk...
This plugin was recognized by loader 9ee18075-33c9-482a-b1a3-f2ab007a5a07.

Loading /Applications/Adobe Media Encoder CC 2018/Adobe Media Encoder CC 2018.app/Contents/Plug-ins/Common/AEFilterGraphicGroup.bundle
Loading from disk...
This plugin was recognized by loader 9ee18075-33c9-482a-b1a3-f2ab007a5a07.

Loading /Applications/Adobe Media Encoder CC 2018/Adobe Media Encoder CC 2018.app/Contents/Plug-ins/Common/AEFilterImageMatteKey.bundle
Loading from disk...
This plugin was recognized by loader 9ee18075-33c9-482a-b1a3-f2ab007a5a07.

Loading /Applications/Adobe Media Encoder CC 2018/Adobe Media Encoder CC 2018.app/Contents/Plug-ins/Common/AEFilterLightingEffect.bundle
Loading from disk...
This plugin was recognized by loader 9ee18075-33c9-482a-b1a3-f2ab007a5a07.

Loading /Applications/Adobe Media Encoder CC 2018/Adobe Media Encoder CC 2018.app/Contents/Plug-ins/Common/AEFilterLumaCorrector.bundle
Loading from disk...
This plugin was recognized by loader 9ee18075-33c9-482a-b1a3-f2ab007a5a07.

Loading /Applications/Adobe Media Encoder CC 2018/Adobe Media Encoder CC 2018.app/Contents/Plug-ins/Common/AEFilterLumaCurve.bundle
Loading from disk...
This plugin was recognized by loader 9ee18075-33c9-482a-b1a3-f2ab007a5a07.

Loading /Applications/Adobe Media Encoder CC 2018/Adobe Media Encoder CC 2018.app/Contents/Plug-ins/Common/AEFilterLumaKey.bundle
Loading from disk...
This plugin was recognized by loader 9ee18075-33c9-482a-b1a3-f2ab007a5a07.

Loading /Applications/Adobe Media Encoder CC 2018/Adobe Media Encoder CC 2018.app/Contents/Plug-ins/Common/AEFilterLumetri.bundle
Loading from disk...
This plugin was recognized by loader 624e610b-0372-4082-b625-73865c15932b.
This plugin was recognized by loader 9ee18075-33c9-482a-b1a3-f2ab007a5a07.

Loading /Applications/Adobe Media Encoder CC 2018/Adobe Media Encoder CC 2018.app/Contents/Plug-ins/Common/AEFilterMask.bundle
Loading from disk...
This plugin was recognized by loader 624e610b-0372-4082-b625-73865c15932b.
This plugin was recognized by loader 9ee18075-33c9-482a-b1a3-f2ab007a5a07.

Loading /Applications/Adobe Media Encoder CC 2018/Adobe Media Encoder CC 2018.app/Contents/Plug-ins/Common/AEFilterMorphCut.bundle
Loading from disk...
This plugin was recognized by loader 624e610b-0372-4082-b625-73865c15932b.
This plugin was recognized by loader 9ee18075-33c9-482a-b1a3-f2ab007a5a07.

Loading /Applications/Adobe Media Encoder CC 2018/Adobe Media Encoder CC 2018.app/Contents/Plug-ins/Common/AEFilterNonRedKey.bundle
Loading from disk...
This plugin was recognized by loader 9ee18075-33c9-482a-b1a3-f2ab007a5a07.

Loading /Applications/Adobe Media Encoder CC 2018/Adobe Media Encoder CC 2018.app/Contents/Plug-ins/Common/AEFilterProcAmp.bundle
Loading from disk...
This plugin was recognized by loader 9ee18075-33c9-482a-b1a3-f2ab007a5a07.

Loading /Applications/Adobe Media Encoder CC 2018/Adobe Media Encoder CC 2018.app/Contents/Plug-ins/Common/AEFilterRemoveMatte.bundle
Loading from disk...
This plugin was recognized by loader 9ee18075-33c9-482a-b1a3-f2ab007a5a07.

Loading /Applications/Adobe Media Encoder CC 2018/Adobe Media Encoder CC 2018.app/Contents/Plug-ins/Common/AEFilterRGBCurves.bundle
Loading from disk...
This plugin was recognized by loader 9ee18075-33c9-482a-b1a3-f2ab007a5a07.

Loading /Applications/Adobe Media Encoder CC 2018/Adobe Media Encoder CC 2018.app/Contents/Plug-ins/Common/AEFilterSDRConform.bundle
Loading from disk...
This plugin was recognized by loader 624e610b-0372-4082-b625-73865c15932b.
This plugin was recognized by loader 9ee18075-33c9-482a-b1a3-f2ab007a5a07.

Loading /Applications/Adobe Media Encoder CC 2018/Adobe Media Encoder CC 2018.app/Contents/Plug-ins/Common/AEFilterShape.bundle
Loading from disk...
This plugin was recognized by loader 624e610b-0372-4082-b625-73865c15932b.
This plugin was recognized by loader 9ee18075-33c9-482a-b1a3-f2ab007a5a07.

Loading /Applications/Adobe Media Encoder CC 2018/Adobe Media Encoder CC 2018.app/Contents/Plug-ins/Common/AEFilterSimpleText.bundle
Loading from disk...
This plugin was recognized by loader 9ee18075-33c9-482a-b1a3-f2ab007a5a07.

Loading /Applications/Adobe Media Encoder CC 2018/Adobe Media Encoder CC 2018.app/Contents/Plug-ins/Common/AEFilterText.bundle
Loading from disk...
This plugin was recognized by loader 624e610b-0372-4082-b625-73865c15932b.
This plugin was recognized by loader 9ee18075-33c9-482a-b1a3-f2ab007a5a07.

Loading /Applications/Adobe Media Encoder CC 2018/Adobe Media Encoder CC 2018.app/Contents/Plug-ins/Common/AEFilterTimecode.bundle
Loading from disk...
This plugin was recognized by loader 9ee18075-33c9-482a-b1a3-f2ab007a5a07.

Loading /Applications/Adobe Media Encoder CC 2018/Adobe Media Encoder CC 2018.app/Contents/Plug-ins/Common/AEFilterTrackMatteKey.bundle
Loading from disk...
This plugin was recognized by loader 9ee18075-33c9-482a-b1a3-f2ab007a5a07.

Loading /Applications/Adobe Media Encoder CC 2018/Adobe Media Encoder CC 2018.app/Contents/Plug-ins/Common/AEFilterTransform.bundle
Loading from disk...
This plugin was recognized by loader 624e610b-0372-4082-b625-73865c15932b.
This plugin was recognized by loader 9ee18075-33c9-482a-b1a3-f2ab007a5a07.
This plugin was recognized by loader 9ee18075-33c9-482a-b1a3-f2ab007a5a07.

Loading /Applications/Adobe Media Encoder CC 2018/Adobe Media Encoder CC 2018.app/Contents/Plug-ins/Common/AEFilterUltraKey.bundle
Loading from disk...
This plugin was recognized by loader 9ee18075-33c9-482a-b1a3-f2ab007a5a07.

Loading /Applications/Adobe Media Encoder CC 2018/Adobe Media Encoder CC 2018.app/Contents/Plug-ins/Common/AEFilterVideoLimiter.bundle
Loading from disk...
This plugin was recognized by loader 9ee18075-33c9-482a-b1a3-f2ab007a5a07.

Loading /Applications/Adobe Media Encoder CC 2018/Adobe Media Encoder CC 2018.app/Contents/Plug-ins/Common/AEFilterVRChromaLeaks.bundle
Loading from disk...
This plugin was recognized by loader 624e610b-0372-4082-b625-73865c15932b.
This plugin was recognized by loader 9ee18075-33c9-482a-b1a3-f2ab007a5a07.

Loading /Applications/Adobe Media Encoder CC 2018/Adobe Media Encoder CC 2018.app/Contents/Plug-ins/Common/AEFilterVRChromaticAberration.bundle
Loading from disk...
This plugin was recognized by loader 624e610b-0372-4082-b625-73865c15932b.
This plugin was recognized by loader 9ee18075-33c9-482a-b1a3-f2ab007a5a07.

Loading /Applications/Adobe Media Encoder CC 2018/Adobe Media Encoder CC 2018.app/Contents/Plug-ins/Common/AEFilterVRColorGradient.bundle
Loading from disk...
This plugin was recognized by loader 624e610b-0372-4082-b625-73865c15932b.
This plugin was recognized by loader 9ee18075-33c9-482a-b1a3-f2ab007a5a07.

Loading /Applications/Adobe Media Encoder CC 2018/Adobe Media Encoder CC 2018.app/Contents/Plug-ins/Common/AEFilterVRDenoise.bundle
Loading from disk...
This plugin was recognized by loader 624e610b-0372-4082-b625-73865c15932b.
This plugin was recognized by loader 9ee18075-33c9-482a-b1a3-f2ab007a5a07.

Loading /Applications/Adobe Media Encoder CC 2018/Adobe Media Encoder CC 2018.app/Contents/Plug-ins/Common/AEFilterVRDigitalGlitch.bundle
Loading from disk...
This plugin was recognized by loader 624e610b-0372-4082-b625-73865c15932b.
This plugin was recognized by loader 9ee18075-33c9-482a-b1a3-f2ab007a5a07.

Loading /Applications/Adobe Media Encoder CC 2018/Adobe Media Encoder CC 2018.app/Contents/Plug-ins/Common/AEFilterVRFractalNoise.bundle
Loading from disk...
This plugin was recognized by loader 624e610b-0372-4082-b625-73865c15932b.
This plugin was recognized by loader 9ee18075-33c9-482a-b1a3-f2ab007a5a07.

Loading /Applications/Adobe Media Encoder CC 2018/Adobe Media Encoder CC 2018.app/Contents/Plug-ins/Common/AEFilterVRGaussianBlur.bundle
Loading from disk...
This plugin was recognized by loader 624e610b-0372-4082-b625-73865c15932b.
This plugin was recognized by loader 9ee18075-33c9-482a-b1a3-f2ab007a5a07.

Loading /Applications/Adobe Media Encoder CC 2018/Adobe Media Encoder CC 2018.app/Contents/Plug-ins/Common/AEFilterVRGlow.bundle
Loading from disk...
This plugin was recognized by loader 624e610b-0372-4082-b625-73865c15932b.
This plugin was recognized by loader 9ee18075-33c9-482a-b1a3-f2ab007a5a07.

Loading /Applications/Adobe Media Encoder CC 2018/Adobe Media Encoder CC 2018.app/Contents/Plug-ins/Common/AEFilterVRGradientWipe.bundle
Loading from disk...
This plugin was recognized by loader 624e610b-0372-4082-b625-73865c15932b.
This plugin was recognized by loader 9ee18075-33c9-482a-b1a3-f2ab007a5a07.

Loading /Applications/Adobe Media Encoder CC 2018/Adobe Media Encoder CC 2018.app/Contents/Plug-ins/Common/AEFilterVRIrisWipe.bundle
Loading from disk...
This plugin was recognized by loader 624e610b-0372-4082-b625-73865c15932b.
This plugin was recognized by loader 9ee18075-33c9-482a-b1a3-f2ab007a5a07.

Loading /Applications/Adobe Media Encoder CC 2018/Adobe Media Encoder CC 2018.app/Contents/Plug-ins/Common/AEFilterVRLightLeaks.bundle
Loading from disk...
This plugin was recognized by loader 624e610b-0372-4082-b625-73865c15932b.
This plugin was recognized by loader 9ee18075-33c9-482a-b1a3-f2ab007a5a07.

Loading /Applications/Adobe Media Encoder CC 2018/Adobe Media Encoder CC 2018.app/Contents/Plug-ins/Common/AEFilterVRLightRays.bundle
Loading from disk...
This plugin was recognized by loader 624e610b-0372-4082-b625-73865c15932b.
This plugin was recognized by loader 9ee18075-33c9-482a-b1a3-f2ab007a5a07.

Loading /Applications/Adobe Media Encoder CC 2018/Adobe Media Encoder CC 2018.app/Contents/Plug-ins/Common/AEFilterVRMobius.bundle
Loading from disk...
This plugin was recognized by loader 624e610b-0372-4082-b625-73865c15932b.
This plugin was recognized by loader 9ee18075-33c9-482a-b1a3-f2ab007a5a07.

Loading /Applications/Adobe Media Encoder CC 2018/Adobe Media Encoder CC 2018.app/Contents/Plug-ins/Common/AEFilterVRProject2D.bundle
Loading from disk...
This plugin was recognized by loader 624e610b-0372-4082-b625-73865c15932b.
This plugin was recognized by loader 9ee18075-33c9-482a-b1a3-f2ab007a5a07.

Loading /Applications/Adobe Media Encoder CC 2018/Adobe Media Encoder CC 2018.app/Contents/Plug-ins/Common/AEFilterVRProjection.bundle
Loading from disk...
This plugin was recognized by loader 9ee18075-33c9-482a-b1a3-f2ab007a5a07.

Loading /Applications/Adobe Media Encoder CC 2018/Adobe Media Encoder CC 2018.app/Contents/Plug-ins/Common/AEFilterVRRandomBlocks.bundle
Loading from disk...
This plugin was recognized by loader 624e610b-0372-4082-b625-73865c15932b.
This plugin was recognized by loader 9ee18075-33c9-482a-b1a3-f2ab007a5a07.

Loading /Applications/Adobe Media Encoder CC 2018/Adobe Media Encoder CC 2018.app/Contents/Plug-ins/Common/AEFilterVRRotateSphere.bundle
Loading from disk...
This plugin was recognized by loader 624e610b-0372-4082-b625-73865c15932b.
This plugin was recognized by loader 9ee18075-33c9-482a-b1a3-f2ab007a5a07.

Loading /Applications/Adobe Media Encoder CC 2018/Adobe Media Encoder CC 2018.app/Contents/Plug-ins/Common/AEFilterVRSharpen.bundle
Loading from disk...
This plugin was recognized by loader 624e610b-0372-4082-b625-73865c15932b.
This plugin was recognized by loader 9ee18075-33c9-482a-b1a3-f2ab007a5a07.

Loading /Applications/Adobe Media Encoder CC 2018/Adobe Media Encoder CC 2018.app/Contents/Plug-ins/Common/AEFilterVRSphericalBlur.bundle
Loading from disk...
This plugin was recognized by loader 624e610b-0372-4082-b625-73865c15932b.
This plugin was recognized by loader 9ee18075-33c9-482a-b1a3-f2ab007a5a07.

Loading /Applications/Adobe Media Encoder CC 2018/Adobe Media Encoder CC 2018.app/Contents/Plug-ins/Common/AEShadowHighlight.bundle
Loading from disk...
This plugin was recognized by loader 9ee18075-33c9-482a-b1a3-f2ab007a5a07.

Loading /Applications/Adobe Media Encoder CC 2018/Adobe Media Encoder CC 2018.app/Contents/Plug-ins/Common/Arithmetic.bundle
Loading from disk...
This plugin was recognized by loader 9ee18075-33c9-482a-b1a3-f2ab007a5a07.

Loading /Applications/Adobe Media Encoder CC 2018/Adobe Media Encoder CC 2018.app/Contents/Plug-ins/Common/ArriRawMXFSourceSettings.bundle
Loading from disk...
This plugin was recognized by loader 9ee18075-33c9-482a-b1a3-f2ab007a5a07.

Loading /Applications/Adobe Media Encoder CC 2018/Adobe Media Encoder CC 2018.app/Contents/Plug-ins/Common/ARRIRAWSourceSettings.bundle
Loading from disk...
This plugin was recognized by loader 9ee18075-33c9-482a-b1a3-f2ab007a5a07.

Loading /Applications/Adobe Media Encoder CC 2018/Adobe Media Encoder CC 2018.app/Contents/Plug-ins/Common/B-C-2.bundle
Loading from disk...
This plugin was recognized by loader 9ee18075-33c9-482a-b1a3-f2ab007a5a07.

Loading /Applications/Adobe Media Encoder CC 2018/Adobe Media Encoder CC 2018.app/Contents/Plug-ins/Common/Basic_3D.bundle
Loading from disk...
This plugin was recognized by loader 9ee18075-33c9-482a-b1a3-f2ab007a5a07.

Loading /Applications/Adobe Media Encoder CC 2018/Adobe Media Encoder CC 2018.app/Contents/Plug-ins/Common/Bevel_Alpha.bundle
Loading from disk...
This plugin was recognized by loader 9ee18075-33c9-482a-b1a3-f2ab007a5a07.

Loading /Applications/Adobe Media Encoder CC 2018/Adobe Media Encoder CC 2018.app/Contents/Plug-ins/Common/Bevel_Edges.bundle
Loading from disk...
This plugin was recognized by loader 9ee18075-33c9-482a-b1a3-f2ab007a5a07.

Loading /Applications/Adobe Media Encoder CC 2018/Adobe Media Encoder CC 2018.app/Contents/Plug-ins/Common/Blend.bundle
Loading from disk...
This plugin was recognized by loader 9ee18075-33c9-482a-b1a3-f2ab007a5a07.

Loading /Applications/Adobe Media Encoder CC 2018/Adobe Media Encoder CC 2018.app/Contents/Plug-ins/Common/Block_Dissolve.bundle
Loading from disk...
This plugin was recognized by loader 9ee18075-33c9-482a-b1a3-f2ab007a5a07.

Loading /Applications/Adobe Media Encoder CC 2018/Adobe Media Encoder CC 2018.app/Contents/Plug-ins/Common/Broadcast_Colors.bundle
Loading from disk...
This plugin was recognized by loader 9ee18075-33c9-482a-b1a3-f2ab007a5a07.

Loading /Applications/Adobe Media Encoder CC 2018/Adobe Media Encoder CC 2018.app/Contents/Plug-ins/Common/Brush_Strokes.bundle
Loading from disk...
This plugin was recognized by loader 9ee18075-33c9-482a-b1a3-f2ab007a5a07.

Loading /Applications/Adobe Media Encoder CC 2018/Adobe Media Encoder CC 2018.app/Contents/Plug-ins/Common/Calculations.bundle
Loading from disk...
This plugin was recognized by loader 9ee18075-33c9-482a-b1a3-f2ab007a5a07.

Loading /Applications/Adobe Media Encoder CC 2018/Adobe Media Encoder CC 2018.app/Contents/Plug-ins/Common/CanonRawSourceSettings.bundle
Loading from disk...
This plugin was recognized by loader 9ee18075-33c9-482a-b1a3-f2ab007a5a07.

Loading /Applications/Adobe Media Encoder CC 2018/Adobe Media Encoder CC 2018.app/Contents/Plug-ins/Common/CellPattern.bundle
Loading from disk...
This plugin was recognized by loader 9ee18075-33c9-482a-b1a3-f2ab007a5a07.

Loading /Applications/Adobe Media Encoder CC 2018/Adobe Media Encoder CC 2018.app/Contents/Plug-ins/Common/Change_Color.bundle
Loading from disk...
This plugin was recognized by loader 9ee18075-33c9-482a-b1a3-f2ab007a5a07.

Loading /Applications/Adobe Media Encoder CC 2018/Adobe Media Encoder CC 2018.app/Contents/Plug-ins/Common/ChangeToColor.bundle
Loading from disk...
This plugin was recognized by loader 9ee18075-33c9-482a-b1a3-f2ab007a5a07.

Loading /Applications/Adobe Media Encoder CC 2018/Adobe Media Encoder CC 2018.app/Contents/Plug-ins/Common/Channel_Blur.bundle
Loading from disk...
This plugin was recognized by loader 9ee18075-33c9-482a-b1a3-f2ab007a5a07.

Loading /Applications/Adobe Media Encoder CC 2018/Adobe Media Encoder CC 2018.app/Contents/Plug-ins/Common/Channel_Mixer.bundle
Loading from disk...
This plugin was recognized by loader 9ee18075-33c9-482a-b1a3-f2ab007a5a07.

Loading /Applications/Adobe Media Encoder CC 2018/Adobe Media Encoder CC 2018.app/Contents/Plug-ins/Common/Checkerboard.bundle
Loading from disk...
This plugin was recognized by loader 9ee18075-33c9-482a-b1a3-f2ab007a5a07.

Loading /Applications/Adobe Media Encoder CC 2018/Adobe Media Encoder CC 2018.app/Contents/Plug-ins/Common/CinemaDNGSourceSettings.bundle
Loading from disk...
This plugin was recognized by loader 9ee18075-33c9-482a-b1a3-f2ab007a5a07.

Loading /Applications/Adobe Media Encoder CC 2018/Adobe Media Encoder CC 2018.app/Contents/Plug-ins/Common/CineonEffect.bundle
Loading from disk...
This plugin was recognized by loader 9ee18075-33c9-482a-b1a3-f2ab007a5a07.

Loading /Applications/Adobe Media Encoder CC 2018/Adobe Media Encoder CC 2018.app/Contents/Plug-ins/Common/Circle.bundle
Loading from disk...
This plugin was recognized by loader 9ee18075-33c9-482a-b1a3-f2ab007a5a07.

Loading /Applications/Adobe Media Encoder CC 2018/Adobe Media Encoder CC 2018.app/Contents/Plug-ins/Common/Color_Balance_2.bundle
Loading from disk...
This plugin was recognized by loader 9ee18075-33c9-482a-b1a3-f2ab007a5a07.

Loading /Applications/Adobe Media Encoder CC 2018/Adobe Media Encoder CC 2018.app/Contents/Plug-ins/Common/Color_Emboss.bundle
Loading from disk...
This plugin was recognized by loader 9ee18075-33c9-482a-b1a3-f2ab007a5a07.

Loading /Applications/Adobe Media Encoder CC 2018/Adobe Media Encoder CC 2018.app/Contents/Plug-ins/Common/Color_HLS.bundle
Loading from disk...
This plugin was recognized by loader 9ee18075-33c9-482a-b1a3-f2ab007a5a07.

Loading /Applications/Adobe Media Encoder CC 2018/Adobe Media Encoder CC 2018.app/Contents/Plug-ins/Common/Color_Key.bundle
Loading from disk...
This plugin was recognized by loader 9ee18075-33c9-482a-b1a3-f2ab007a5a07.

Loading /Applications/Adobe Media Encoder CC 2018/Adobe Media Encoder CC 2018.app/Contents/Plug-ins/Common/ColorsQuad.bundle
Loading from disk...
This plugin was recognized by loader 9ee18075-33c9-482a-b1a3-f2ab007a5a07.

Loading /Applications/Adobe Media Encoder CC 2018/Adobe Media Encoder CC 2018.app/Contents/Plug-ins/Common/Compound_Arith.bundle
Loading from disk...
This plugin was recognized by loader 9ee18075-33c9-482a-b1a3-f2ab007a5a07.

Loading /Applications/Adobe Media Encoder CC 2018/Adobe Media Encoder CC 2018.app/Contents/Plug-ins/Common/Compound_Blur.bundle
Loading from disk...
This plugin was recognized by loader 9ee18075-33c9-482a-b1a3-f2ab007a5a07.

Loading /Applications/Adobe Media Encoder CC 2018/Adobe Media Encoder CC 2018.app/Contents/Plug-ins/Common/Corner_Pin.bundle
Loading from disk...
This plugin was recognized by loader 9ee18075-33c9-482a-b1a3-f2ab007a5a07.

Loading /Applications/Adobe Media Encoder CC 2018/Adobe Media Encoder CC 2018.app/Contents/Plug-ins/Common/Difference.bundle
Loading from disk...
This plugin was recognized by loader 9ee18075-33c9-482a-b1a3-f2ab007a5a07.

Loading /Applications/Adobe Media Encoder CC 2018/Adobe Media Encoder CC 2018.app/Contents/Plug-ins/Common/DirectionalBlur.bundle
Loading from disk...
This plugin was recognized by loader 9ee18075-33c9-482a-b1a3-f2ab007a5a07.

Loading /Applications/Adobe Media Encoder CC 2018/Adobe Media Encoder CC 2018.app/Contents/Plug-ins/Common/DPXSourceSettings.bundle
Loading from disk...
This plugin was recognized by loader 9ee18075-33c9-482a-b1a3-f2ab007a5a07.

Loading /Applications/Adobe Media Encoder CC 2018/Adobe Media Encoder CC 2018.app/Contents/Plug-ins/Common/Drop_Shadow.bundle
Loading from disk...
This plugin was recognized by loader 9ee18075-33c9-482a-b1a3-f2ab007a5a07.

Loading /Applications/Adobe Media Encoder CC 2018/Adobe Media Encoder CC 2018.app/Contents/Plug-ins/Common/Dust.bundle
Loading from disk...
This plugin was recognized by loader 9ee18075-33c9-482a-b1a3-f2ab007a5a07.

Loading /Applications/Adobe Media Encoder CC 2018/Adobe Media Encoder CC 2018.app/Contents/Plug-ins/Common/Echo.bundle
Loading from disk...
This plugin was recognized by loader 9ee18075-33c9-482a-b1a3-f2ab007a5a07.

Loading /Applications/Adobe Media Encoder CC 2018/Adobe Media Encoder CC 2018.app/Contents/Plug-ins/Common/Ellipse.bundle
Loading from disk...
This plugin was recognized by loader 9ee18075-33c9-482a-b1a3-f2ab007a5a07.

Loading /Applications/Adobe Media Encoder CC 2018/Adobe Media Encoder CC 2018.app/Contents/Plug-ins/Common/Emboss.bundle
Loading from disk...
This plugin was recognized by loader 9ee18075-33c9-482a-b1a3-f2ab007a5a07.

Loading /Applications/Adobe Media Encoder CC 2018/Adobe Media Encoder CC 2018.app/Contents/Plug-ins/Common/Equalize.bundle
Loading from disk...
This plugin was recognized by loader 9ee18075-33c9-482a-b1a3-f2ab007a5a07.

Loading /Applications/Adobe Media Encoder CC 2018/Adobe Media Encoder CC 2018.app/Contents/Plug-ins/Common/ExporterAIFF.bundle
Loading from disk...
This plugin was recognized by loader d3092dcf-904a-4a97-b4ca-66aed7540d57.

Loading /Applications/Adobe Media Encoder CC 2018/Adobe Media Encoder CC 2018.app/Contents/Plug-ins/Common/ExporterDPX.bundle
Loading from disk...
This plugin was recognized by loader d3092dcf-904a-4a97-b4ca-66aed7540d57.

Loading /Applications/Adobe Media Encoder CC 2018/Adobe Media Encoder CC 2018.app/Contents/Plug-ins/Common/ExporterGIF.bundle
Loading from disk...
This plugin was recognized by loader d3092dcf-904a-4a97-b4ca-66aed7540d57.

Loading /Applications/Adobe Media Encoder CC 2018/Adobe Media Encoder CC 2018.app/Contents/Plug-ins/Common/ExporterJPEG.bundle
Loading from disk...
This plugin was recognized by loader d3092dcf-904a-4a97-b4ca-66aed7540d57.

Loading /Applications/Adobe Media Encoder CC 2018/Adobe Media Encoder CC 2018.app/Contents/Plug-ins/Common/ExporterMP3.bundle
Loading from disk...
This plugin was recognized by loader d3092dcf-904a-4a97-b4ca-66aed7540d57.

Loading /Applications/Adobe Media Encoder CC 2018/Adobe Media Encoder CC 2018.app/Contents/Plug-ins/Common/ExporterMPEG2.bundle
Loading from disk...
This plugin was recognized by loader d3092dcf-904a-4a97-b4ca-66aed7540d57.
This plugin was recognized by loader d3092dcf-904a-4a97-b4ca-66aed7540d57.
This plugin was recognized by loader d3092dcf-904a-4a97-b4ca-66aed7540d57.

Loading /Applications/Adobe Media Encoder CC 2018/Adobe Media Encoder CC 2018.app/Contents/Plug-ins/Common/ExporterMPEG4.bundle
Loading from disk...
This plugin was recognized by loader d3092dcf-904a-4a97-b4ca-66aed7540d57.
This plugin was recognized by loader d3092dcf-904a-4a97-b4ca-66aed7540d57.
This plugin was recognized by loader d3092dcf-904a-4a97-b4ca-66aed7540d57.
This plugin was recognized by loader d3092dcf-904a-4a97-b4ca-66aed7540d57.
This plugin was recognized by loader d3092dcf-904a-4a97-b4ca-66aed7540d57.

Loading /Applications/Adobe Media Encoder CC 2018/Adobe Media Encoder CC 2018.app/Contents/Plug-ins/Common/ExporterMPEGPreview.bundle
Loading from disk...
This plugin was recognized by loader d3092dcf-904a-4a97-b4ca-66aed7540d57.

Loading /Applications/Adobe Media Encoder CC 2018/Adobe Media Encoder CC 2018.app/Contents/Plug-ins/Common/ExporterMXF.bundle
Loading from disk...
This plugin was recognized by loader d3092dcf-904a-4a97-b4ca-66aed7540d57.
This plugin was recognized by loader d3092dcf-904a-4a97-b4ca-66aed7540d57.

Loading /Applications/Adobe Media Encoder CC 2018/Adobe Media Encoder CC 2018.app/Contents/Plug-ins/Common/ExporterP2.bundle
Loading from disk...
This plugin was recognized by loader d3092dcf-904a-4a97-b4ca-66aed7540d57.

Loading /Applications/Adobe Media Encoder CC 2018/Adobe Media Encoder CC 2018.app/Contents/Plug-ins/Common/ExporterPNG.bundle
Loading from disk...
This plugin was recognized by loader d3092dcf-904a-4a97-b4ca-66aed7540d57.

Loading /Applications/Adobe Media Encoder CC 2018/Adobe Media Encoder CC 2018.app/Contents/Plug-ins/Common/ExporterTarga.bundle
Loading from disk...
This plugin was recognized by loader d3092dcf-904a-4a97-b4ca-66aed7540d57.

Loading /Applications/Adobe Media Encoder CC 2018/Adobe Media Encoder CC 2018.app/Contents/Plug-ins/Common/ExporterTIFF.bundle
Loading from disk...
This plugin was recognized by loader d3092dcf-904a-4a97-b4ca-66aed7540d57.

Loading /Applications/Adobe Media Encoder CC 2018/Adobe Media Encoder CC 2018.app/Contents/Plug-ins/Common/ExporterWave.bundle
Loading from disk...
This plugin was recognized by loader d3092dcf-904a-4a97-b4ca-66aed7540d57.

Loading /Applications/Adobe Media Encoder CC 2018/Adobe Media Encoder CC 2018.app/Contents/Plug-ins/Common/ExporterXDCAMHD.bundle
Loading from disk...
This plugin was recognized by loader d3092dcf-904a-4a97-b4ca-66aed7540d57.
This plugin was recognized by loader d3092dcf-904a-4a97-b4ca-66aed7540d57.
This plugin was recognized by loader d3092dcf-904a-4a97-b4ca-66aed7540d57.

Loading /Applications/Adobe Media Encoder CC 2018/Adobe Media Encoder CC 2018.app/Contents/Plug-ins/Common/EyedropperFill.bundle
Loading from disk...
This plugin was recognized by loader 9ee18075-33c9-482a-b1a3-f2ab007a5a07.

Loading /Applications/Adobe Media Encoder CC 2018/Adobe Media Encoder CC 2018.app/Contents/Plug-ins/Common/F65SourceSettings.bundle
Loading from disk...
This plugin was recognized by loader 9ee18075-33c9-482a-b1a3-f2ab007a5a07.

Loading /Applications/Adobe Media Encoder CC 2018/Adobe Media Encoder CC 2018.app/Contents/Plug-ins/Common/Fast_Blur.bundle
Loading from disk...
This plugin was recognized by loader 9ee18075-33c9-482a-b1a3-f2ab007a5a07.

Loading /Applications/Adobe Media Encoder CC 2018/Adobe Media Encoder CC 2018.app/Contents/Plug-ins/Common/FCPXProjectConverter.bundle
Loading from disk...
This plugin was recognized by loader 2d887736-82fa-4239-9b42-9019215e470d.

Loading /Applications/Adobe Media Encoder CC 2018/Adobe Media Encoder CC 2018.app/Contents/Plug-ins/Common/Find_Edges.bundle
Loading from disk...
This plugin was recognized by loader 9ee18075-33c9-482a-b1a3-f2ab007a5a07.

Loading /Applications/Adobe Media Encoder CC 2018/Adobe Media Encoder CC 2018.app/Contents/Plug-ins/Common/Gradient_Wipe.bundle
Loading from disk...
This plugin was recognized by loader 9ee18075-33c9-482a-b1a3-f2ab007a5a07.

Loading /Applications/Adobe Media Encoder CC 2018/Adobe Media Encoder CC 2018.app/Contents/Plug-ins/Common/Grid.bundle
Loading from disk...
This plugin was recognized by loader 9ee18075-33c9-482a-b1a3-f2ab007a5a07.

Loading /Applications/Adobe Media Encoder CC 2018/Adobe Media Encoder CC 2018.app/Contents/Plug-ins/Common/ImporterAIEPS.bundle
Loading from disk...
This plugin was recognized by loader ba1058cd-0007-44e4-bf1a-0ef51307b979.

Loading /Applications/Adobe Media Encoder CC 2018/Adobe Media Encoder CC 2018.app/Contents/Plug-ins/Common/ImporterAIFF.bundle
Loading from disk...
This plugin was recognized by loader ba1058cd-0007-44e4-bf1a-0ef51307b979.

Loading /Applications/Adobe Media Encoder CC 2018/Adobe Media Encoder CC 2018.app/Contents/Plug-ins/Common/ImporterARRIRAW.bundle
Loading from disk...
This plugin was recognized by loader ba1058cd-0007-44e4-bf1a-0ef51307b979.

Loading /Applications/Adobe Media Encoder CC 2018/Adobe Media Encoder CC 2018.app/Contents/Plug-ins/Common/ImporterASND.bundle
Loading from disk...
This plugin was recognized by loader ba1058cd-0007-44e4-bf1a-0ef51307b979.

Loading /Applications/Adobe Media Encoder CC 2018/Adobe Media Encoder CC 2018.app/Contents/Plug-ins/Common/ImporterAVFoundation.bundle
Loading from disk...
This plugin was recognized by loader ba1058cd-0007-44e4-bf1a-0ef51307b979.

Loading /Applications/Adobe Media Encoder CC 2018/Adobe Media Encoder CC 2018.app/Contents/Plug-ins/Common/ImporterBarsAndTone.bundle
Loading from disk...
This plugin was recognized by loader ba1058cd-0007-44e4-bf1a-0ef51307b979.

Loading /Applications/Adobe Media Encoder CC 2018/Adobe Media Encoder CC 2018.app/Contents/Plug-ins/Common/ImporterBlackMatte.bundle
Loading from disk...
This plugin was recognized by loader ba1058cd-0007-44e4-bf1a-0ef51307b979.

Loading /Applications/Adobe Media Encoder CC 2018/Adobe Media Encoder CC 2018.app/Contents/Plug-ins/Common/ImporterCaptioning.bundle
Loading from disk...
This plugin was recognized by loader ba1058cd-0007-44e4-bf1a-0ef51307b979.

Loading /Applications/Adobe Media Encoder CC 2018/Adobe Media Encoder CC 2018.app/Contents/Plug-ins/Common/ImporterColorMatte.bundle
Loading from disk...
This plugin was recognized by loader ba1058cd-0007-44e4-bf1a-0ef51307b979.

Loading /Applications/Adobe Media Encoder CC 2018/Adobe Media Encoder CC 2018.app/Contents/Plug-ins/Common/ImporterDataStream.bundle
Loading from disk...
This plugin was recognized by loader ba1058cd-0007-44e4-bf1a-0ef51307b979.

Loading /Applications/Adobe Media Encoder CC 2018/Adobe Media Encoder CC 2018.app/Contents/Plug-ins/Common/ImporterDPX.bundle
Loading from disk...
This plugin was recognized by loader ba1058cd-0007-44e4-bf1a-0ef51307b979.

Loading /Applications/Adobe Media Encoder CC 2018/Adobe Media Encoder CC 2018.app/Contents/Plug-ins/Common/ImporterF65.bundle
Loading from disk...
This plugin was recognized by loader ba1058cd-0007-44e4-bf1a-0ef51307b979.

Loading /Applications/Adobe Media Encoder CC 2018/Adobe Media Encoder CC 2018.app/Contents/Plug-ins/Common/ImporterFastMPEG.bundle
Loading from disk...
This plugin was recognized by loader ba1058cd-0007-44e4-bf1a-0ef51307b979.

Loading /Applications/Adobe Media Encoder CC 2018/Adobe Media Encoder CC 2018.app/Contents/Plug-ins/Common/ImporterFLV.bundle
Loading from disk...
This plugin was recognized by loader ba1058cd-0007-44e4-bf1a-0ef51307b979.

Loading /Applications/Adobe Media Encoder CC 2018/Adobe Media Encoder CC 2018.app/Contents/Plug-ins/Common/ImporterGraphics.bundle
Loading from disk...
This plugin was recognized by loader ba1058cd-0007-44e4-bf1a-0ef51307b979.

Loading /Applications/Adobe Media Encoder CC 2018/Adobe Media Encoder CC 2018.app/Contents/Plug-ins/Common/ImporterHDBarsAndTone.bundle
Loading from disk...
This plugin was recognized by loader ba1058cd-0007-44e4-bf1a-0ef51307b979.

Loading /Applications/Adobe Media Encoder CC 2018/Adobe Media Encoder CC 2018.app/Contents/Plug-ins/Common/ImporterImageIO.bundle
Loading from disk...
This plugin was recognized by loader ba1058cd-0007-44e4-bf1a-0ef51307b979.

Loading /Applications/Adobe Media Encoder CC 2018/Adobe Media Encoder CC 2018.app/Contents/Plug-ins/Common/ImporterJPEG.bundle
Loading from disk...
This plugin was recognized by loader ba1058cd-0007-44e4-bf1a-0ef51307b979.

Loading /Applications/Adobe Media Encoder CC 2018/Adobe Media Encoder CC 2018.app/Contents/Plug-ins/Common/ImporterLeader.bundle
Loading from disk...
This plugin was recognized by loader ba1058cd-0007-44e4-bf1a-0ef51307b979.

Loading /Applications/Adobe Media Encoder CC 2018/Adobe Media Encoder CC 2018.app/Contents/Plug-ins/Common/ImporterLumetri.bundle
Loading from disk...
This plugin was recognized by loader ba1058cd-0007-44e4-bf1a-0ef51307b979.

Loading /Applications/Adobe Media Encoder CC 2018/Adobe Media Encoder CC 2018.app/Contents/Plug-ins/Common/ImporterMP3.bundle
Loading from disk...
This plugin was recognized by loader ba1058cd-0007-44e4-bf1a-0ef51307b979.

Loading /Applications/Adobe Media Encoder CC 2018/Adobe Media Encoder CC 2018.app/Contents/Plug-ins/Common/ImporterMPEG.bundle
Loading from disk...
This plugin was recognized by loader ba1058cd-0007-44e4-bf1a-0ef51307b979.

Loading /Applications/Adobe Media Encoder CC 2018/Adobe Media Encoder CC 2018.app/Contents/Plug-ins/Common/ImporterMXF.bundle
Loading from disk...
This plugin was recognized by loader ba1058cd-0007-44e4-bf1a-0ef51307b979.

Loading /Applications/Adobe Media Encoder CC 2018/Adobe Media Encoder CC 2018.app/Contents/Plug-ins/Common/ImporterPhotoshopProxy.bundle
Loading from disk...
This plugin was recognized by loader ba1058cd-0007-44e4-bf1a-0ef51307b979.

Loading /Applications/Adobe Media Encoder CC 2018/Adobe Media Encoder CC 2018.app/Contents/Plug-ins/Common/ImporterPNG.bundle
Loading from disk...
This plugin was recognized by loader ba1058cd-0007-44e4-bf1a-0ef51307b979.

Loading /Applications/Adobe Media Encoder CC 2018/Adobe Media Encoder CC 2018.app/Contents/Plug-ins/Common/ImporterRED.bundle
Loading from disk...
This plugin was recognized by loader ba1058cd-0007-44e4-bf1a-0ef51307b979.

Loading /Applications/Adobe Media Encoder CC 2018/Adobe Media Encoder CC 2018.app/Contents/Plug-ins/Common/ImporterTarga.bundle
Loading from disk...
This plugin was recognized by loader ba1058cd-0007-44e4-bf1a-0ef51307b979.

Loading /Applications/Adobe Media Encoder CC 2018/Adobe Media Encoder CC 2018.app/Contents/Plug-ins/Common/ImporterTiff.bundle
Loading from disk...
This plugin was recognized by loader ba1058cd-0007-44e4-bf1a-0ef51307b979.

Loading /Applications/Adobe Media Encoder CC 2018/Adobe Media Encoder CC 2018.app/Contents/Plug-ins/Common/ImporterTransparentMatte.bundle
Loading from disk...
This plugin was recognized by loader ba1058cd-0007-44e4-bf1a-0ef51307b979.

Loading /Applications/Adobe Media Encoder CC 2018/Adobe Media Encoder CC 2018.app/Contents/Plug-ins/Common/ImporterWave.bundle
Loading from disk...
This plugin was recognized by loader ba1058cd-0007-44e4-bf1a-0ef51307b979.

Loading /Applications/Adobe Media Encoder CC 2018/Adobe Media Encoder CC 2018.app/Contents/Plug-ins/Common/ImporterXDCAMEX.bundle
Loading from disk...
This plugin was recognized by loader ba1058cd-0007-44e4-bf1a-0ef51307b979.

Loading /Applications/Adobe Media Encoder CC 2018/Adobe Media Encoder CC 2018.app/Contents/Plug-ins/Common/Invert.bundle
Loading from disk...
This plugin was recognized by loader 9ee18075-33c9-482a-b1a3-f2ab007a5a07.

Loading /Applications/Adobe Media Encoder CC 2018/Adobe Media Encoder CC 2018.app/Contents/Plug-ins/Common/Leave_Color.bundle
Loading from disk...
This plugin was recognized by loader 9ee18075-33c9-482a-b1a3-f2ab007a5a07.

Loading /Applications/Adobe Media Encoder CC 2018/Adobe Media Encoder CC 2018.app/Contents/Plug-ins/Common/Lens_Flare.bundle
Loading from disk...
This plugin was recognized by loader 9ee18075-33c9-482a-b1a3-f2ab007a5a07.

Loading /Applications/Adobe Media Encoder CC 2018/Adobe Media Encoder CC 2018.app/Contents/Plug-ins/Common/Lightning.bundle
Loading from disk...
This plugin was recognized by loader 9ee18075-33c9-482a-b1a3-f2ab007a5a07.

Loading /Applications/Adobe Media Encoder CC 2018/Adobe Media Encoder CC 2018.app/Contents/Plug-ins/Common/Linear_Wipe.bundle
Loading from disk...
This plugin was recognized by loader 9ee18075-33c9-482a-b1a3-f2ab007a5a07.

Loading /Applications/Adobe Media Encoder CC 2018/Adobe Media Encoder CC 2018.app/Contents/Plug-ins/Common/Magnify.bundle
Loading from disk...
This plugin was recognized by loader 9ee18075-33c9-482a-b1a3-f2ab007a5a07.

Loading /Applications/Adobe Media Encoder CC 2018/Adobe Media Encoder CC 2018.app/Contents/Plug-ins/Common/Median.bundle
Loading from disk...
This plugin was recognized by loader 9ee18075-33c9-482a-b1a3-f2ab007a5a07.

Loading /Applications/Adobe Media Encoder CC 2018/Adobe Media Encoder CC 2018.app/Contents/Plug-ins/Common/Mirror.bundle
Loading from disk...
This plugin was recognized by loader 9ee18075-33c9-482a-b1a3-f2ab007a5a07.

Loading /Applications/Adobe Media Encoder CC 2018/Adobe Media Encoder CC 2018.app/Contents/Plug-ins/Common/Mosaic.bundle
Loading from disk...
This plugin was recognized by loader 9ee18075-33c9-482a-b1a3-f2ab007a5a07.

Loading /Applications/Adobe Media Encoder CC 2018/Adobe Media Encoder CC 2018.app/Contents/Plug-ins/Common/Motion.bundle
Loading from disk...
This plugin was recognized by loader 9ee18075-33c9-482a-b1a3-f2ab007a5a07.

Loading /Applications/Adobe Media Encoder CC 2018/Adobe Media Encoder CC 2018.app/Contents/Plug-ins/Common/MPEGSourceSettings.bundle
Loading from disk...
This plugin was recognized by loader 9ee18075-33c9-482a-b1a3-f2ab007a5a07.

Loading /Applications/Adobe Media Encoder CC 2018/Adobe Media Encoder CC 2018.app/Contents/Plug-ins/Common/Noise.bundle
Loading from disk...
This plugin was recognized by loader 9ee18075-33c9-482a-b1a3-f2ab007a5a07.

Loading /Applications/Adobe Media Encoder CC 2018/Adobe Media Encoder CC 2018.app/Contents/Plug-ins/Common/NoiseAlpha.bundle
Loading from disk...
This plugin was recognized by loader 9ee18075-33c9-482a-b1a3-f2ab007a5a07.

Loading /Applications/Adobe Media Encoder CC 2018/Adobe Media Encoder CC 2018.app/Contents/Plug-ins/Common/NoiseHLS.bundle
Loading from disk...
This plugin was recognized by loader 9ee18075-33c9-482a-b1a3-f2ab007a5a07.

Loading /Applications/Adobe Media Encoder CC 2018/Adobe Media Encoder CC 2018.app/Contents/Plug-ins/Common/NoiseHLSAuto.bundle
Loading from disk...
This plugin was recognized by loader 9ee18075-33c9-482a-b1a3-f2ab007a5a07.

Loading /Applications/Adobe Media Encoder CC 2018/Adobe Media Encoder CC 2018.app/Contents/Plug-ins/Common/Offset.bundle
Loading from disk...
This plugin was recognized by loader 9ee18075-33c9-482a-b1a3-f2ab007a5a07.

Loading /Applications/Adobe Media Encoder CC 2018/Adobe Media Encoder CC 2018.app/Contents/Plug-ins/Common/Opacity.bundle
Loading from disk...
This plugin was recognized by loader 9ee18075-33c9-482a-b1a3-f2ab007a5a07.

Loading /Applications/Adobe Media Encoder CC 2018/Adobe Media Encoder CC 2018.app/Contents/Plug-ins/Common/OpenEXR Premiere.bundle
Loading from disk...
This plugin was recognized by loader d3092dcf-904a-4a97-b4ca-66aed7540d57.
This plugin was recognized by loader ba1058cd-0007-44e4-bf1a-0ef51307b979.

Loading /Applications/Adobe Media Encoder CC 2018/Adobe Media Encoder CC 2018.app/Contents/Plug-ins/Common/PaintBucket.bundle
Loading from disk...
This plugin was recognized by loader 9ee18075-33c9-482a-b1a3-f2ab007a5a07.

Loading /Applications/Adobe Media Encoder CC 2018/Adobe Media Encoder CC 2018.app/Contents/Plug-ins/Common/PlayerMediaCore.bundle
Loading from disk...
This plugin was recognized by loader c9936cb9-1979-48c8-bf22-dbe0ec323274.
This plugin was recognized by loader 1b5bc335-92e5-4479-bd38-d18bedec69b2.
This plugin was recognized by loader 1b5bc335-92e5-4479-bd38-d18bedec69b2.

Loading /Applications/Adobe Media Encoder CC 2018/Adobe Media Encoder CC 2018.app/Contents/Plug-ins/Common/Posterize.bundle
Loading from disk...
This plugin was recognized by loader 9ee18075-33c9-482a-b1a3-f2ab007a5a07.

Loading /Applications/Adobe Media Encoder CC 2018/Adobe Media Encoder CC 2018.app/Contents/Plug-ins/Common/Posterize_Time.bundle
Loading from disk...
This plugin was recognized by loader 9ee18075-33c9-482a-b1a3-f2ab007a5a07.

Loading /Applications/Adobe Media Encoder CC 2018/Adobe Media Encoder CC 2018.app/Contents/Plug-ins/Common/PremiereFiltersMetaPlugin.prmp

Loading /Applications/Adobe Media Encoder CC 2018/Adobe Media Encoder CC 2018.app/Contents/Plug-ins/Common/Radial_Wipe.bundle
Loading from disk...
This plugin was recognized by loader 9ee18075-33c9-482a-b1a3-f2ab007a5a07.

Loading /Applications/Adobe Media Encoder CC 2018/Adobe Media Encoder CC 2018.app/Contents/Plug-ins/Common/RadialShadow.bundle
Loading from disk...
This plugin was recognized by loader 9ee18075-33c9-482a-b1a3-f2ab007a5a07.

Loading /Applications/Adobe Media Encoder CC 2018/Adobe Media Encoder CC 2018.app/Contents/Plug-ins/Common/Ramp.bundle
Loading from disk...
This plugin was recognized by loader 9ee18075-33c9-482a-b1a3-f2ab007a5a07.

Loading /Applications/Adobe Media Encoder CC 2018/Adobe Media Encoder CC 2018.app/Contents/Plug-ins/Common/REDSourceSettings.bundle
Loading from disk...
This plugin was recognized by loader 9ee18075-33c9-482a-b1a3-f2ab007a5a07.

Loading /Applications/Adobe Media Encoder CC 2018/Adobe Media Encoder CC 2018.app/Contents/Plug-ins/Common/RollingShutter.bundle
Loading from disk...
This plugin was recognized by loader 9ee18075-33c9-482a-b1a3-f2ab007a5a07.
This plugin was recognized by loader 9ee18075-33c9-482a-b1a3-f2ab007a5a07.
This plugin was recognized by loader 9ee18075-33c9-482a-b1a3-f2ab007a5a07.

Loading /Applications/Adobe Media Encoder CC 2018/Adobe Media Encoder CC 2018.app/Contents/Plug-ins/Common/RoughenEdges.bundle
Loading from disk...
This plugin was recognized by loader 9ee18075-33c9-482a-b1a3-f2ab007a5a07.

Loading /Applications/Adobe Media Encoder CC 2018/Adobe Media Encoder CC 2018.app/Contents/Plug-ins/Common/Set_Matte.bundle
Loading from disk...
This plugin was recognized by loader 9ee18075-33c9-482a-b1a3-f2ab007a5a07.

Loading /Applications/Adobe Media Encoder CC 2018/Adobe Media Encoder CC 2018.app/Contents/Plug-ins/Common/Sharpen.bundle
Loading from disk...
This plugin was recognized by loader 9ee18075-33c9-482a-b1a3-f2ab007a5a07.

Loading /Applications/Adobe Media Encoder CC 2018/Adobe Media Encoder CC 2018.app/Contents/Plug-ins/Common/SolidComposite.bundle
Loading from disk...
This plugin was recognized by loader 9ee18075-33c9-482a-b1a3-f2ab007a5a07.

Loading /Applications/Adobe Media Encoder CC 2018/Adobe Media Encoder CC 2018.app/Contents/Plug-ins/Common/SonyRawMXFSourceSettings.bundle
Loading from disk...
This plugin was recognized by loader 9ee18075-33c9-482a-b1a3-f2ab007a5a07.

Loading /Applications/Adobe Media Encoder CC 2018/Adobe Media Encoder CC 2018.app/Contents/Plug-ins/Common/Spherize.bundle
Loading from disk...
This plugin was recognized by loader 9ee18075-33c9-482a-b1a3-f2ab007a5a07.

Loading /Applications/Adobe Media Encoder CC 2018/Adobe Media Encoder CC 2018.app/Contents/Plug-ins/Common/Stabilizer.bundle
Loading from disk...
This plugin was recognized by loader 9ee18075-33c9-482a-b1a3-f2ab007a5a07.

Loading /Applications/Adobe Media Encoder CC 2018/Adobe Media Encoder CC 2018.app/Contents/Plug-ins/Common/Strobe_Light.bundle
Loading from disk...
This plugin was recognized by loader 9ee18075-33c9-482a-b1a3-f2ab007a5a07.

Loading /Applications/Adobe Media Encoder CC 2018/Adobe Media Encoder CC 2018.app/Contents/Plug-ins/Common/Texturize.bundle
Loading from disk...
This plugin was recognized by loader 9ee18075-33c9-482a-b1a3-f2ab007a5a07.

Loading /Applications/Adobe Media Encoder CC 2018/Adobe Media Encoder CC 2018.app/Contents/Plug-ins/Common/Threshold.bundle
Loading from disk...
This plugin was recognized by loader 9ee18075-33c9-482a-b1a3-f2ab007a5a07.

Loading /Applications/Adobe Media Encoder CC 2018/Adobe Media Encoder CC 2018.app/Contents/Plug-ins/Common/Tint.bundle
Loading from disk...
This plugin was recognized by loader 9ee18075-33c9-482a-b1a3-f2ab007a5a07.

Loading /Applications/Adobe Media Encoder CC 2018/Adobe Media Encoder CC 2018.app/Contents/Plug-ins/Common/TransitionsMetaPlugin.prmp

Loading /Applications/Adobe Media Encoder CC 2018/Adobe Media Encoder CC 2018.app/Contents/Plug-ins/Common/TurbulentDisplace.bundle
Loading from disk...
This plugin was recognized by loader 9ee18075-33c9-482a-b1a3-f2ab007a5a07.

Loading /Applications/Adobe Media Encoder CC 2018/Adobe Media Encoder CC 2018.app/Contents/Plug-ins/Common/Twirl.bundle
Loading from disk...
This plugin was recognized by loader 9ee18075-33c9-482a-b1a3-f2ab007a5a07.

Loading /Applications/Adobe Media Encoder CC 2018/Adobe Media Encoder CC 2018.app/Contents/Plug-ins/Common/Unsharp_Mask.bundle
Loading from disk...
This plugin was recognized by loader 9ee18075-33c9-482a-b1a3-f2ab007a5a07.

Loading /Applications/Adobe Media Encoder CC 2018/Adobe Media Encoder CC 2018.app/Contents/Plug-ins/Common/Venetian_Blinds.bundle
Loading from disk...
This plugin was recognized by loader 9ee18075-33c9-482a-b1a3-f2ab007a5a07.

Loading /Applications/Adobe Media Encoder CC 2018/Adobe Media Encoder CC 2018.app/Contents/Plug-ins/Common/Wave_Warp.bundle
Loading from disk...
This plugin was recognized by loader 9ee18075-33c9-482a-b1a3-f2ab007a5a07.

Loading /Applications/Adobe Media Encoder CC 2018/Adobe Media Encoder CC 2018.app/Contents/Plug-ins/Common/wraptor.bundle
Loading from disk...
This plugin was recognized by loader d3092dcf-904a-4a97-b4ca-66aed7540d57.

Loading /Applications/Adobe Media Encoder CC 2018/Adobe Media Encoder CC 2018.app/Contents/Plug-ins/Common/Write_on.bundle
Loading from disk...
This plugin was recognized by loader 9ee18075-33c9-482a-b1a3-f2ab007a5a07.

Loading /Applications/Adobe Media Encoder CC 2018/Adobe Media Encoder CC 2018.app/Contents/Plug-ins/Common/ExporterQuickTimeHost.bundle
Loading from disk...
This plugin was recognized by loader d3092dcf-904a-4a97-b4ca-66aed7540d57.

Loading /Applications/Adobe Media Encoder CC 2018/Adobe Media Encoder CC 2018.app/Contents/Plug-ins/Common/ImporterQuickTime.bundle
Loading from disk...
This plugin was recognized by loader ba1058cd-0007-44e4-bf1a-0ef51307b979.

Loading from root path: /Library/Application Support/Adobe/Common/Plug-ins/7.0/MediaCore
Scanning for the following file types: *.bundle, *.plugin, *.prmp, *.vst

Begin PluginNameList::AddFolder /Library/Application Support/Adobe/Common/Plug-ins/7.0/MediaCore 0
Finished PluginNameList::AddFolder /Library/Application Support/Adobe/Common/Plug-ins/7.0/MediaCore 0
Scanning /Library/Application Support/Adobe/Common/Plug-ins/7.0/MediaCore and sub-directories

